[2024-01-09T13:33:05.178765+00:00] main.INFO: 0 cron jobs were cleaned [] []
[2024-01-09T13:33:05.215405+00:00] main.INFO: 13 cron jobs were cleaned [] []
[2024-01-09T13:33:06.383098+00:00] main.INFO: 1 cron jobs were cleaned [] []
[2024-01-09T13:33:06.384511+00:00] main.INFO: 2 cron jobs were cleaned [] []
[2024-01-09T13:33:06.467541+00:00] main.INFO: Cron Job indexer_reindex_all_invalid is run [] []
[2024-01-09T13:33:06.477749+00:00] main.INFO: Cron Job catalog_product_outdated_price_values_cleanup is run [] []
[2024-01-09T13:33:06.480499+00:00] main.INFO: Cron Job catalog_product_outdated_price_values_cleanup is successfully finished. Statistics: {"sum":0.0027811527252197,"count":1,"realmem":0,"emalloc":2296,"realmem_start":94896128,"emalloc_start":92248144} [] []
[2024-01-09T13:33:06.506974+00:00] main.INFO: Cron Job catalog_product_frontend_actions_flush is run [] []
[2024-01-09T13:33:06.509251+00:00] main.INFO: Cron Job catalog_product_frontend_actions_flush is successfully finished. Statistics: {"sum":0.002241849899292,"count":1,"realmem":0,"emalloc":66984,"realmem_start":94896128,"emalloc_start":92278096} [] []
[2024-01-09T13:33:06.521115+00:00] main.INFO: Cron Job indexer_reindex_all_invalid is successfully finished. Statistics: {"sum":0.053596019744873,"count":1,"realmem":2097152,"emalloc":852328,"realmem_start":88604672,"emalloc_start":85539536} [] []
[2024-01-09T13:33:06.537156+00:00] main.INFO: Cron Job outdated_authentication_failures_cleanup is run [] []
[2024-01-09T13:33:06.538784+00:00] main.INFO: Cron Job outdated_authentication_failures_cleanup is successfully finished. Statistics: {"sum":0.0016160011291504,"count":1,"realmem":0,"emalloc":1448,"realmem_start":94896128,"emalloc_start":92370720} [] []
[2024-01-09T13:33:06.547637+00:00] main.INFO: Cron Job indexer_update_all_views is run [] []
[2024-01-09T13:33:06.563753+00:00] main.INFO: Cron Job sales_grid_order_async_insert is run [] []
[2024-01-09T13:33:06.565774+00:00] main.INFO: Cron Job sales_grid_order_async_insert is successfully finished. Statistics: {"sum":0.0019640922546387,"count":1,"realmem":0,"emalloc":1072,"realmem_start":94896128,"emalloc_start":92460080} [] []
[2024-01-09T13:33:06.585902+00:00] main.INFO: Cron Job indexer_update_all_views is successfully finished. Statistics: {"sum":0.038259029388428,"count":1,"realmem":0,"emalloc":237832,"realmem_start":90701824,"emalloc_start":86394776} [] []
[2024-01-09T13:33:06.590234+00:00] main.INFO: Cron Job sales_grid_order_invoice_async_insert is run [] []
[2024-01-09T13:33:06.591744+00:00] main.INFO: Cron Job sales_grid_order_invoice_async_insert is successfully finished. Statistics: {"sum":0.0015048980712891,"count":1,"realmem":0,"emalloc":1072,"realmem_start":94896128,"emalloc_start":92464248} [] []
[2024-01-09T13:33:06.612846+00:00] main.INFO: Cron Job sales_grid_order_shipment_async_insert is run [] []
[2024-01-09T13:33:06.614617+00:00] main.INFO: Cron Job sales_grid_order_shipment_async_insert is successfully finished. Statistics: {"sum":0.0017280578613281,"count":1,"realmem":0,"emalloc":1072,"realmem_start":94896128,"emalloc_start":92467760} [] []
[2024-01-09T13:33:06.648212+00:00] main.INFO: Cron Job sales_grid_order_creditmemo_async_insert is run [] []
[2024-01-09T13:33:06.649939+00:00] main.INFO: Cron Job sales_grid_order_creditmemo_async_insert is successfully finished. Statistics: {"sum":0.0016961097717285,"count":1,"realmem":0,"emalloc":1072,"realmem_start":94896128,"emalloc_start":92471272} [] []
[2024-01-09T13:33:06.751933+00:00] main.INFO: Cron Job sales_send_order_emails is run [] []
[2024-01-09T13:33:06.753716+00:00] main.INFO: Cron Job sales_send_order_emails is successfully finished. Statistics: {"sum":0.0017571449279785,"count":1,"realmem":0,"emalloc":1072,"realmem_start":96993280,"emalloc_start":94789768} [] []
[2024-01-09T13:33:06.793106+00:00] main.INFO: Cron Job sales_send_order_invoice_emails is run [] []
[2024-01-09T13:33:06.794889+00:00] main.INFO: Cron Job sales_send_order_invoice_emails is successfully finished. Statistics: {"sum":0.0017459392547607,"count":1,"realmem":0,"emalloc":1072,"realmem_start":99090432,"emalloc_start":95467880} [] []
[2024-01-09T13:33:06.835048+00:00] main.INFO: Cron Job sales_send_order_shipment_emails is run [] []
[2024-01-09T13:33:06.837463+00:00] main.INFO: Cron Job sales_send_order_shipment_emails is successfully finished. Statistics: {"sum":0.0023908615112305,"count":1,"realmem":0,"emalloc":1072,"realmem_start":99090432,"emalloc_start":96090064} [] []
[2024-01-09T13:33:06.884962+00:00] main.INFO: Cron Job sales_send_order_creditmemo_emails is run [] []
[2024-01-09T13:33:06.887904+00:00] main.INFO: Cron Job sales_send_order_creditmemo_emails is successfully finished. Statistics: {"sum":0.0028910636901855,"count":1,"realmem":0,"emalloc":1072,"realmem_start":99090432,"emalloc_start":96731744} [] []
[2024-01-09T13:33:06.924063+00:00] main.INFO: Cron Job inventory_in_store_pickup_sales_send_order_notified_emails is run [] []
[2024-01-09T13:33:06.927133+00:00] main.INFO: Cron Job inventory_in_store_pickup_sales_send_order_notified_emails is successfully finished. Statistics: {"sum":0.0030529499053955,"count":1,"realmem":0,"emalloc":1072,"realmem_start":99090432,"emalloc_start":96816272} [] []
[2024-01-09T13:33:06.965257+00:00] main.INFO: Cron Job bulk_cleanup is run [] []
[2024-01-09T13:33:06.969000+00:00] main.INFO: Cron Job bulk_cleanup is successfully finished. Statistics: {"sum":0.0036931037902832,"count":1,"realmem":0,"emalloc":4304,"realmem_start":99090432,"emalloc_start":96847976} [] []
[2024-01-09T13:33:07.174757+00:00] main.INFO: Cron Job consumers_runner is run [] []
[2024-01-09T13:33:07.215335+00:00] main.INFO: Cron Job consumers_runner is successfully finished. Statistics: {"sum":0.040607213973999,"count":1,"realmem":0,"emalloc":220976,"realmem_start":92798976,"emalloc_start":91353112} [] []
[2024-01-09T13:34:01.781272+00:00] main.INFO: Cron Job catalog_product_outdated_price_values_cleanup is run [] []
[2024-01-09T13:34:01.785269+00:00] main.INFO: Cron Job catalog_product_outdated_price_values_cleanup is successfully finished. Statistics: {"sum":0.0041320323944092,"count":1,"realmem":0,"emalloc":7912,"realmem_start":88604672,"emalloc_start":85507216} [] []
[2024-01-09T13:34:01.820656+00:00] main.INFO: Cron Job catalog_product_frontend_actions_flush is run [] []
[2024-01-09T13:34:01.825136+00:00] main.INFO: Cron Job catalog_product_frontend_actions_flush is successfully finished. Statistics: {"sum":0.0045549869537354,"count":1,"realmem":0,"emalloc":1512,"realmem_start":88604672,"emalloc_start":85542816} [] []
[2024-01-09T13:34:01.852057+00:00] main.INFO: Cron Job outdated_authentication_failures_cleanup is run [] []
[2024-01-09T13:34:01.855111+00:00] main.INFO: Cron Job outdated_authentication_failures_cleanup is successfully finished. Statistics: {"sum":0.0030088424682617,"count":1,"realmem":0,"emalloc":1448,"realmem_start":88604672,"emalloc_start":85570040} [] []
[2024-01-09T13:34:01.881820+00:00] main.INFO: Cron Job sales_grid_order_async_insert is run [] []
[2024-01-09T13:34:01.884451+00:00] main.INFO: Cron Job sales_grid_order_async_insert is successfully finished. Statistics: {"sum":0.0026109218597412,"count":1,"realmem":0,"emalloc":1072,"realmem_start":88604672,"emalloc_start":85685936} [] []
[2024-01-09T13:34:01.912880+00:00] main.INFO: Cron Job sales_grid_order_invoice_async_insert is run [] []
[2024-01-09T13:34:01.914657+00:00] main.INFO: Cron Job sales_grid_order_invoice_async_insert is successfully finished. Statistics: {"sum":0.0016720294952393,"count":1,"realmem":0,"emalloc":1072,"realmem_start":88604672,"emalloc_start":85690104} [] []
[2024-01-09T13:34:01.937997+00:00] main.INFO: Cron Job sales_grid_order_shipment_async_insert is run [] []
[2024-01-09T13:34:01.939989+00:00] main.INFO: Cron Job sales_grid_order_shipment_async_insert is successfully finished. Statistics: {"sum":0.0019440650939941,"count":1,"realmem":0,"emalloc":1072,"realmem_start":88604672,"emalloc_start":85693616} [] []
[2024-01-09T13:34:01.962130+00:00] main.INFO: Cron Job sales_grid_order_creditmemo_async_insert is run [] []
[2024-01-09T13:34:01.963969+00:00] main.INFO: Cron Job sales_grid_order_creditmemo_async_insert is successfully finished. Statistics: {"sum":0.0018041133880615,"count":1,"realmem":0,"emalloc":1072,"realmem_start":88604672,"emalloc_start":85697128} [] []
[2024-01-09T13:34:02.012161+00:00] main.INFO: Cron Job sales_send_order_emails is run [] []
[2024-01-09T13:34:02.014031+00:00] main.INFO: Cron Job sales_send_order_emails is successfully finished. Statistics: {"sum":0.0018448829650879,"count":1,"realmem":0,"emalloc":976,"realmem_start":90701824,"emalloc_start":88061128} [] []
[2024-01-09T13:34:02.039482+00:00] main.INFO: Cron Job sales_send_order_invoice_emails is run [] []
[2024-01-09T13:34:02.041799+00:00] main.INFO: Cron Job sales_send_order_invoice_emails is successfully finished. Statistics: {"sum":0.0022900104522705,"count":1,"realmem":0,"emalloc":1072,"realmem_start":90701824,"emalloc_start":88631432} [] []
[2024-01-09T13:34:02.068738+00:00] main.INFO: Cron Job sales_send_order_shipment_emails is run [] []
[2024-01-09T13:34:02.070973+00:00] main.INFO: Cron Job sales_send_order_shipment_emails is successfully finished. Statistics: {"sum":0.0022101402282715,"count":1,"realmem":0,"emalloc":1072,"realmem_start":92798976,"emalloc_start":89087664} [] []
[2024-01-09T13:34:02.098050+00:00] main.INFO: Cron Job sales_send_order_creditmemo_emails is run [] []
[2024-01-09T13:34:02.099948+00:00] main.INFO: Cron Job sales_send_order_creditmemo_emails is successfully finished. Statistics: {"sum":0.0018680095672607,"count":1,"realmem":0,"emalloc":1072,"realmem_start":92798976,"emalloc_start":89599168} [] []
[2024-01-09T13:34:02.121710+00:00] main.INFO: Cron Job inventory_in_store_pickup_sales_send_order_notified_emails is run [] []
[2024-01-09T13:34:02.123521+00:00] main.INFO: Cron Job inventory_in_store_pickup_sales_send_order_notified_emails is successfully finished. Statistics: {"sum":0.0017790794372559,"count":1,"realmem":0,"emalloc":1072,"realmem_start":92798976,"emalloc_start":89667872} [] []
[2024-01-09T13:34:02.145460+00:00] main.INFO: Cron Job bulk_cleanup is run [] []
[2024-01-09T13:34:02.147804+00:00] main.INFO: Cron Job bulk_cleanup is successfully finished. Statistics: {"sum":0.0023081302642822,"count":1,"realmem":0,"emalloc":4304,"realmem_start":92798976,"emalloc_start":89679192} [] []
[2024-01-09T13:34:02.219709+00:00] main.INFO: Cron Job magento_newrelicreporting_cron is run [] []
[2024-01-09T13:34:02.221358+00:00] main.INFO: Cron Job magento_newrelicreporting_cron is successfully finished. Statistics: {"sum":0.0016231536865234,"count":1,"realmem":0,"emalloc":1072,"realmem_start":94896128,"emalloc_start":92399832} [] []
[2024-01-09T13:34:02.515309+00:00] main.INFO: Cron Job consumers_runner is run [] []
[2024-01-09T13:34:02.519074+00:00] main.INFO: Cron Job indexer_reindex_all_invalid is run [] []
[2024-01-09T13:34:02.542482+00:00] main.INFO: Cron Job indexer_reindex_all_invalid is successfully finished. Statistics: {"sum":0.02354907989502,"count":1,"realmem":0,"emalloc":542560,"realmem_start":88604672,"emalloc_start":85026752} [] []
[2024-01-09T13:34:02.547013+00:00] main.INFO: Cron Job consumers_runner is successfully finished. Statistics: {"sum":0.031776905059814,"count":1,"realmem":0,"emalloc":127176,"realmem_start":88604672,"emalloc_start":85448936} [] []
[2024-01-09T13:34:02.572775+00:00] main.INFO: Cron Job indexer_update_all_views is run [] []
[2024-01-09T13:34:02.588017+00:00] main.INFO: Cron Job indexer_update_all_views is successfully finished. Statistics: {"sum":0.015225887298584,"count":1,"realmem":0,"emalloc":271656,"realmem_start":88604672,"emalloc_start":85571904} [] []
[2024-01-09T13:35:02.253027+00:00] main.INFO: Cron Job bulk_cleanup is run [] []
[2024-01-09T13:35:02.255732+00:00] main.INFO: Cron Job bulk_cleanup is successfully finished. Statistics: {"sum":0.0028131008148193,"count":1,"realmem":0,"emalloc":11144,"realmem_start":88604672,"emalloc_start":85391072} [] []
[2024-01-09T13:35:02.275230+00:00] main.INFO: Cron Job catalog_product_attribute_value_synchronize is run [] []
[2024-01-09T13:35:02.278125+00:00] main.INFO: Cron Job catalog_product_attribute_value_synchronize is successfully finished. Statistics: {"sum":0.0028610229492188,"count":1,"realmem":0,"emalloc":22784,"realmem_start":88604672,"emalloc_start":85445544} [] []
[2024-01-09T13:35:02.297567+00:00] main.INFO: Cron Job catalog_product_frontend_actions_flush is run [] []
[2024-01-09T13:35:02.300353+00:00] main.INFO: Cron Job catalog_product_frontend_actions_flush is successfully finished. Statistics: {"sum":0.0027449131011963,"count":1,"realmem":0,"emalloc":1512,"realmem_start":88604672,"emalloc_start":85495600} [] []
[2024-01-09T13:35:02.333056+00:00] main.INFO: Cron Job catalog_product_outdated_price_values_cleanup is run [] []
[2024-01-09T13:35:02.334857+00:00] main.INFO: Cron Job catalog_product_outdated_price_values_cleanup is successfully finished. Statistics: {"sum":0.0017721652984619,"count":1,"realmem":0,"emalloc":960,"realmem_start":88604672,"emalloc_start":85608248} [] []
[2024-01-09T13:35:02.367719+00:00] main.INFO: Cron Job inventory_in_store_pickup_sales_send_order_notified_emails is run [] []
[2024-01-09T13:35:02.370003+00:00] main.INFO: Cron Job inventory_in_store_pickup_sales_send_order_notified_emails is successfully finished. Statistics: {"sum":0.0022518634796143,"count":1,"realmem":2097152,"emalloc":976,"realmem_start":88604672,"emalloc_start":86207528} [] []
[2024-01-09T13:35:02.399122+00:00] main.INFO: Cron Job newsletter_send_all is run [] []
[2024-01-09T13:35:02.424324+00:00] main.INFO: Cron Job newsletter_send_all is successfully finished. Statistics: {"sum":0.025177001953125,"count":1,"realmem":0,"emalloc":950360,"realmem_start":90701824,"emalloc_start":86760608} [] []
[2024-01-09T13:35:02.443311+00:00] main.INFO: Cron Job outdated_authentication_failures_cleanup is run [] []
[2024-01-09T13:35:02.445329+00:00] main.INFO: Cron Job outdated_authentication_failures_cleanup is successfully finished. Statistics: {"sum":0.0019910335540771,"count":1,"realmem":0,"emalloc":1448,"realmem_start":90701824,"emalloc_start":87774904} [] []
[2024-01-09T13:35:02.466678+00:00] main.INFO: Cron Job sales_grid_order_async_insert is run [] []
[2024-01-09T13:35:02.468326+00:00] main.INFO: Cron Job sales_grid_order_async_insert is successfully finished. Statistics: {"sum":0.0016241073608398,"count":1,"realmem":0,"emalloc":1072,"realmem_start":90701824,"emalloc_start":87928536} [] []
[2024-01-09T13:35:02.494854+00:00] main.INFO: Cron Job sales_grid_order_creditmemo_async_insert is run [] []
[2024-01-09T13:35:02.496886+00:00] main.INFO: Cron Job sales_grid_order_creditmemo_async_insert is successfully finished. Statistics: {"sum":0.0020029544830322,"count":1,"realmem":0,"emalloc":1072,"realmem_start":90701824,"emalloc_start":87932704} [] []
[2024-01-09T13:35:02.526877+00:00] main.INFO: Cron Job sales_grid_order_invoice_async_insert is run [] []
[2024-01-09T13:35:02.528785+00:00] main.INFO: Cron Job sales_grid_order_invoice_async_insert is successfully finished. Statistics: {"sum":0.0018808841705322,"count":1,"realmem":0,"emalloc":1072,"realmem_start":90701824,"emalloc_start":87936536} [] []
[2024-01-09T13:35:02.557329+00:00] main.INFO: Cron Job sales_grid_order_shipment_async_insert is run [] []
[2024-01-09T13:35:02.558954+00:00] main.INFO: Cron Job sales_grid_order_shipment_async_insert is successfully finished. Statistics: {"sum":0.0015997886657715,"count":1,"realmem":0,"emalloc":1072,"realmem_start":90701824,"emalloc_start":87940048} [] []
[2024-01-09T13:35:02.592945+00:00] main.INFO: Cron Job sales_send_order_creditmemo_emails is run [] []
[2024-01-09T13:35:02.595268+00:00] main.INFO: Cron Job sales_send_order_creditmemo_emails is successfully finished. Statistics: {"sum":0.0021700859069824,"count":1,"realmem":0,"emalloc":976,"realmem_start":92798976,"emalloc_start":89187136} [] []
[2024-01-09T13:35:02.631255+00:00] main.INFO: Cron Job sales_send_order_emails is run [] []
[2024-01-09T13:35:02.633033+00:00] main.INFO: Cron Job sales_send_order_emails is successfully finished. Statistics: {"sum":0.0017499923706055,"count":1,"realmem":0,"emalloc":1072,"realmem_start":92798976,"emalloc_start":90322048} [] []
[2024-01-09T13:35:02.660806+00:00] main.INFO: Cron Job sales_send_order_invoice_emails is run [] []
[2024-01-09T13:35:02.663025+00:00] main.INFO: Cron Job sales_send_order_invoice_emails is successfully finished. Statistics: {"sum":0.0021779537200928,"count":1,"realmem":0,"emalloc":1072,"realmem_start":92798976,"emalloc_start":90851320} [] []
[2024-01-09T13:35:02.688772+00:00] main.INFO: Cron Job sales_send_order_shipment_emails is run [] []
[2024-01-09T13:35:02.690695+00:00] main.INFO: Cron Job sales_send_order_shipment_emails is successfully finished. Statistics: {"sum":0.0018949508666992,"count":1,"realmem":0,"emalloc":1072,"realmem_start":94896128,"emalloc_start":91327712} [] []
[2024-01-09T13:35:02.881726+00:00] main.INFO: Cron Job consumers_runner is run [] []
[2024-01-09T13:35:02.908034+00:00] main.INFO: Cron Job consumers_runner is successfully finished. Statistics: {"sum":0.026375770568848,"count":1,"realmem":0,"emalloc":127176,"realmem_start":88604672,"emalloc_start":85447824} [] []
[2024-01-09T13:35:02.950130+00:00] main.INFO: Cron Job indexer_reindex_all_invalid is run [] []
[2024-01-09T13:35:02.967381+00:00] main.INFO: Cron Job indexer_reindex_all_invalid is successfully finished. Statistics: {"sum":0.017377138137817,"count":1,"realmem":0,"emalloc":542560,"realmem_start":88604672,"emalloc_start":85032560} [] []
[2024-01-09T13:35:02.986315+00:00] main.INFO: Cron Job indexer_update_all_views is run [] []
[2024-01-09T13:35:03.005751+00:00] main.INFO: Cron Job indexer_update_all_views is successfully finished. Statistics: {"sum":0.0194251537323,"count":1,"realmem":0,"emalloc":271976,"realmem_start":88604672,"emalloc_start":85577712} [] []
[2024-01-09T13:36:01.711142+00:00] main.INFO: Cron Job bulk_cleanup is run [] []
[2024-01-09T13:36:01.713664+00:00] main.INFO: Cron Job bulk_cleanup is successfully finished. Statistics: {"sum":0.0026369094848633,"count":1,"realmem":0,"emalloc":11144,"realmem_start":88604672,"emalloc_start":85374128} [] []
[2024-01-09T13:36:01.733988+00:00] main.INFO: Cron Job catalog_product_frontend_actions_flush is run [] []
[2024-01-09T13:36:01.737151+00:00] main.INFO: Cron Job catalog_product_frontend_actions_flush is successfully finished. Statistics: {"sum":0.0031208992004395,"count":1,"realmem":0,"emalloc":1512,"realmem_start":88604672,"emalloc_start":85412928} [] []
[2024-01-09T13:36:01.759959+00:00] main.INFO: Cron Job catalog_product_outdated_price_values_cleanup is run [] []
[2024-01-09T13:36:01.761157+00:00] main.INFO: Cron Job catalog_product_outdated_price_values_cleanup is successfully finished. Statistics: {"sum":0.0011758804321289,"count":1,"realmem":0,"emalloc":960,"realmem_start":88604672,"emalloc_start":85525576} [] []
[2024-01-09T13:36:01.798796+00:00] main.INFO: Cron Job inventory_in_store_pickup_sales_send_order_notified_emails is run [] []
[2024-01-09T13:36:01.800938+00:00] main.INFO: Cron Job inventory_in_store_pickup_sales_send_order_notified_emails is successfully finished. Statistics: {"sum":0.0021069049835205,"count":1,"realmem":0,"emalloc":976,"realmem_start":88604672,"emalloc_start":86059320} [] []
[2024-01-09T13:36:01.845525+00:00] main.INFO: Cron Job magento_newrelicreporting_cron is run [] []
[2024-01-09T13:36:01.847654+00:00] main.INFO: Cron Job magento_newrelicreporting_cron is successfully finished. Statistics: {"sum":0.0020949840545654,"count":1,"realmem":0,"emalloc":944,"realmem_start":90701824,"emalloc_start":87643632} [] []
[2024-01-09T13:36:01.869883+00:00] main.INFO: Cron Job outdated_authentication_failures_cleanup is run [] []
[2024-01-09T13:36:01.872266+00:00] main.INFO: Cron Job outdated_authentication_failures_cleanup is successfully finished. Statistics: {"sum":0.0023510456085205,"count":1,"realmem":0,"emalloc":1448,"realmem_start":90701824,"emalloc_start":87670256} [] []
[2024-01-09T13:36:01.894262+00:00] main.INFO: Cron Job sales_grid_order_async_insert is run [] []
[2024-01-09T13:36:01.896005+00:00] main.INFO: Cron Job sales_grid_order_async_insert is successfully finished. Statistics: {"sum":0.001723051071167,"count":1,"realmem":0,"emalloc":1072,"realmem_start":90701824,"emalloc_start":87786152} [] []
[2024-01-09T13:36:01.916835+00:00] main.INFO: Cron Job sales_grid_order_creditmemo_async_insert is run [] []
[2024-01-09T13:36:01.918508+00:00] main.INFO: Cron Job sales_grid_order_creditmemo_async_insert is successfully finished. Statistics: {"sum":0.0016441345214844,"count":1,"realmem":0,"emalloc":1072,"realmem_start":90701824,"emalloc_start":87790320} [] []
[2024-01-09T13:36:01.939078+00:00] main.INFO: Cron Job sales_grid_order_invoice_async_insert is run [] []
[2024-01-09T13:36:01.940714+00:00] main.INFO: Cron Job sales_grid_order_invoice_async_insert is successfully finished. Statistics: {"sum":0.0016169548034668,"count":1,"realmem":0,"emalloc":1072,"realmem_start":90701824,"emalloc_start":87793832} [] []
[2024-01-09T13:36:01.968779+00:00] main.INFO: Cron Job sales_grid_order_shipment_async_insert is run [] []
[2024-01-09T13:36:01.970749+00:00] main.INFO: Cron Job sales_grid_order_shipment_async_insert is successfully finished. Statistics: {"sum":0.0019350051879883,"count":1,"realmem":0,"emalloc":1072,"realmem_start":90701824,"emalloc_start":87797664} [] []
[2024-01-09T13:36:02.001603+00:00] main.INFO: Cron Job sales_send_order_creditmemo_emails is run [] []
[2024-01-09T13:36:02.004280+00:00] main.INFO: Cron Job sales_send_order_creditmemo_emails is successfully finished. Statistics: {"sum":0.0026388168334961,"count":1,"realmem":0,"emalloc":976,"realmem_start":92798976,"emalloc_start":89077608} [] []
[2024-01-09T13:36:02.033440+00:00] main.INFO: Cron Job sales_send_order_emails is run [] []
[2024-01-09T13:36:02.034435+00:00] main.INFO: Cron Job sales_send_order_emails is successfully finished. Statistics: {"sum":0.00097298622131348,"count":1,"realmem":0,"emalloc":1072,"realmem_start":92798976,"emalloc_start":90245848} [] []
[2024-01-09T13:36:02.057295+00:00] main.INFO: Cron Job sales_send_order_invoice_emails is run [] []
[2024-01-09T13:36:02.058525+00:00] main.INFO: Cron Job sales_send_order_invoice_emails is successfully finished. Statistics: {"sum":0.001201868057251,"count":1,"realmem":0,"emalloc":1072,"realmem_start":92798976,"emalloc_start":90709584} [] []
[2024-01-09T13:36:02.083053+00:00] main.INFO: Cron Job sales_send_order_shipment_emails is run [] []
[2024-01-09T13:36:02.084277+00:00] main.INFO: Cron Job sales_send_order_shipment_emails is successfully finished. Statistics: {"sum":0.0011940002441406,"count":1,"realmem":0,"emalloc":1072,"realmem_start":94896128,"emalloc_start":91231032} [] []
[2024-01-09T13:36:02.391952+00:00] main.INFO: Cron Job consumers_runner is run [] []
[2024-01-09T13:36:02.422651+00:00] main.INFO: Cron Job consumers_runner is successfully finished. Statistics: {"sum":0.030777931213379,"count":1,"realmem":0,"emalloc":127176,"realmem_start":88604672,"emalloc_start":85446712} [] []
[2024-01-09T13:36:02.425758+00:00] main.INFO: Cron Job indexer_reindex_all_invalid is run [] []
[2024-01-09T13:36:02.445679+00:00] main.INFO: Cron Job indexer_reindex_all_invalid is successfully finished. Statistics: {"sum":0.020024061203003,"count":1,"realmem":0,"emalloc":542560,"realmem_start":88604672,"emalloc_start":85032560} [] []
[2024-01-09T13:36:02.463743+00:00] main.INFO: Cron Job indexer_update_all_views is run [] []
[2024-01-09T13:36:02.478079+00:00] main.INFO: Cron Job indexer_update_all_views is successfully finished. Statistics: {"sum":0.014325857162476,"count":1,"realmem":0,"emalloc":271976,"realmem_start":88604672,"emalloc_start":85577712} [] []
[2024-01-09T13:37:02.180606+00:00] main.INFO: Cron Job bulk_cleanup is run [] []
[2024-01-09T13:37:02.183334+00:00] main.INFO: Cron Job bulk_cleanup is successfully finished. Statistics: {"sum":0.0028109550476074,"count":1,"realmem":0,"emalloc":11144,"realmem_start":88604672,"emalloc_start":85358320} [] []
[2024-01-09T13:37:02.206302+00:00] main.INFO: Cron Job catalog_product_frontend_actions_flush is run [] []
[2024-01-09T13:37:02.210242+00:00] main.INFO: Cron Job catalog_product_frontend_actions_flush is successfully finished. Statistics: {"sum":0.0033280849456787,"count":1,"realmem":0,"emalloc":1512,"realmem_start":88604672,"emalloc_start":85397120} [] []
[2024-01-09T13:37:02.234403+00:00] main.INFO: Cron Job catalog_product_outdated_price_values_cleanup is run [] []
[2024-01-09T13:37:02.237020+00:00] main.INFO: Cron Job catalog_product_outdated_price_values_cleanup is successfully finished. Statistics: {"sum":0.0025758743286133,"count":1,"realmem":0,"emalloc":960,"realmem_start":88604672,"emalloc_start":85509768} [] []
[2024-01-09T13:37:02.276862+00:00] main.INFO: Cron Job inventory_in_store_pickup_sales_send_order_notified_emails is run [] []
[2024-01-09T13:37:02.278515+00:00] main.INFO: Cron Job inventory_in_store_pickup_sales_send_order_notified_emails is successfully finished. Statistics: {"sum":0.0016269683837891,"count":1,"realmem":0,"emalloc":976,"realmem_start":88604672,"emalloc_start":86043512} [] []
[2024-01-09T13:37:02.297838+00:00] main.INFO: Cron Job outdated_authentication_failures_cleanup is run [] []
[2024-01-09T13:37:02.300426+00:00] main.INFO: Cron Job outdated_authentication_failures_cleanup is successfully finished. Statistics: {"sum":0.0025548934936523,"count":1,"realmem":0,"emalloc":1448,"realmem_start":88604672,"emalloc_start":86135288} [] []
[2024-01-09T13:37:02.326745+00:00] main.INFO: Cron Job sales_grid_order_async_insert is run [] []
[2024-01-09T13:37:02.329273+00:00] main.INFO: Cron Job sales_grid_order_async_insert is successfully finished. Statistics: {"sum":0.0025200843811035,"count":1,"realmem":0,"emalloc":1072,"realmem_start":90701824,"emalloc_start":86251184} [] []
[2024-01-09T13:37:02.349430+00:00] main.INFO: Cron Job sales_grid_order_creditmemo_async_insert is run [] []
[2024-01-09T13:37:02.350542+00:00] main.INFO: Cron Job sales_grid_order_creditmemo_async_insert is successfully finished. Statistics: {"sum":0.0010650157928467,"count":1,"realmem":0,"emalloc":1072,"realmem_start":90701824,"emalloc_start":86255352} [] []
[2024-01-09T13:37:02.368068+00:00] main.INFO: Cron Job sales_grid_order_invoice_async_insert is run [] []
[2024-01-09T13:37:02.369239+00:00] main.INFO: Cron Job sales_grid_order_invoice_async_insert is successfully finished. Statistics: {"sum":0.0011239051818848,"count":1,"realmem":0,"emalloc":1072,"realmem_start":90701824,"emalloc_start":86279344} [] []
[2024-01-09T13:37:02.391449+00:00] main.INFO: Cron Job sales_grid_order_shipment_async_insert is run [] []
[2024-01-09T13:37:02.393210+00:00] main.INFO: Cron Job sales_grid_order_shipment_async_insert is successfully finished. Statistics: {"sum":0.0017249584197998,"count":1,"realmem":0,"emalloc":1072,"realmem_start":90701824,"emalloc_start":86282856} [] []
[2024-01-09T13:37:02.421930+00:00] main.INFO: Cron Job sales_send_order_creditmemo_emails is run [] []
[2024-01-09T13:37:02.423261+00:00] main.INFO: Cron Job sales_send_order_creditmemo_emails is successfully finished. Statistics: {"sum":0.0012619495391846,"count":1,"realmem":0,"emalloc":976,"realmem_start":90701824,"emalloc_start":87485376} [] []
[2024-01-09T13:37:02.459732+00:00] main.INFO: Cron Job sales_send_order_emails is run [] []
[2024-01-09T13:37:02.461688+00:00] main.INFO: Cron Job sales_send_order_emails is successfully finished. Statistics: {"sum":0.001924991607666,"count":1,"realmem":0,"emalloc":1072,"realmem_start":92798976,"emalloc_start":88653264} [] []
[2024-01-09T13:37:02.489282+00:00] main.INFO: Cron Job sales_send_order_invoice_emails is run [] []
[2024-01-09T13:37:02.491250+00:00] main.INFO: Cron Job sales_send_order_invoice_emails is successfully finished. Statistics: {"sum":0.001943826675415,"count":1,"realmem":0,"emalloc":1072,"realmem_start":92798976,"emalloc_start":89182536} [] []
[2024-01-09T13:37:02.535514+00:00] main.INFO: Cron Job sales_send_order_shipment_emails is run [] []
[2024-01-09T13:37:02.537433+00:00] main.INFO: Cron Job sales_send_order_shipment_emails is successfully finished. Statistics: {"sum":0.00189208984375,"count":1,"realmem":0,"emalloc":1072,"realmem_start":92798976,"emalloc_start":89638448} [] []
[2024-01-09T13:37:02.908787+00:00] main.INFO: Cron Job consumers_runner is run [] []
[2024-01-09T13:37:02.927273+00:00] main.INFO: Cron Job indexer_reindex_all_invalid is run [] []
[2024-01-09T13:37:02.940482+00:00] main.INFO: Cron Job consumers_runner is successfully finished. Statistics: {"sum":0.03195595741272,"count":1,"realmem":0,"emalloc":127176,"realmem_start":88604672,"emalloc_start":85445600} [] []
[2024-01-09T13:37:02.948893+00:00] main.INFO: Cron Job indexer_reindex_all_invalid is successfully finished. Statistics: {"sum":0.021760940551758,"count":1,"realmem":0,"emalloc":542560,"realmem_start":88604672,"emalloc_start":85032560} [] []
[2024-01-09T13:37:02.965640+00:00] main.INFO: Cron Job indexer_update_all_views is run [] []
[2024-01-09T13:37:02.980486+00:00] main.INFO: Cron Job indexer_update_all_views is successfully finished. Statistics: {"sum":0.014826059341431,"count":1,"realmem":0,"emalloc":271976,"realmem_start":88604672,"emalloc_start":85577712} [] []
[2024-01-09T13:38:02.675005+00:00] main.INFO: Cron Job bulk_cleanup is run [] []
[2024-01-09T13:38:02.677453+00:00] main.INFO: Cron Job bulk_cleanup is successfully finished. Statistics: {"sum":0.0025620460510254,"count":1,"realmem":0,"emalloc":11144,"realmem_start":88604672,"emalloc_start":85343632} [] []
[2024-01-09T13:38:02.698507+00:00] main.INFO: Cron Job catalog_product_frontend_actions_flush is run [] []
[2024-01-09T13:38:02.701005+00:00] main.INFO: Cron Job catalog_product_frontend_actions_flush is successfully finished. Statistics: {"sum":0.0024609565734863,"count":1,"realmem":0,"emalloc":1512,"realmem_start":88604672,"emalloc_start":85382432} [] []
[2024-01-09T13:38:02.721284+00:00] main.INFO: Cron Job catalog_product_outdated_price_values_cleanup is run [] []
[2024-01-09T13:38:02.722848+00:00] main.INFO: Cron Job catalog_product_outdated_price_values_cleanup is successfully finished. Statistics: {"sum":0.0015418529510498,"count":1,"realmem":0,"emalloc":960,"realmem_start":88604672,"emalloc_start":85495080} [] []
[2024-01-09T13:38:02.763891+00:00] main.INFO: Cron Job inventory_in_store_pickup_sales_send_order_notified_emails is run [] []
[2024-01-09T13:38:02.765773+00:00] main.INFO: Cron Job inventory_in_store_pickup_sales_send_order_notified_emails is successfully finished. Statistics: {"sum":0.0018558502197266,"count":1,"realmem":0,"emalloc":976,"realmem_start":88604672,"emalloc_start":86028824} [] []
[2024-01-09T13:38:02.809181+00:00] main.INFO: Cron Job magento_newrelicreporting_cron is run [] []
[2024-01-09T13:38:02.811177+00:00] main.INFO: Cron Job magento_newrelicreporting_cron is successfully finished. Statistics: {"sum":0.0019621849060059,"count":1,"realmem":0,"emalloc":944,"realmem_start":90701824,"emalloc_start":87613136} [] []
[2024-01-09T13:38:02.834163+00:00] main.INFO: Cron Job outdated_authentication_failures_cleanup is run [] []
[2024-01-09T13:38:02.835758+00:00] main.INFO: Cron Job outdated_authentication_failures_cleanup is successfully finished. Statistics: {"sum":0.0015771389007568,"count":1,"realmem":0,"emalloc":1448,"realmem_start":90701824,"emalloc_start":87639760} [] []
[2024-01-09T13:38:02.853411+00:00] main.INFO: Cron Job sales_grid_order_async_insert is run [] []
[2024-01-09T13:38:02.854512+00:00] main.INFO: Cron Job sales_grid_order_async_insert is successfully finished. Statistics: {"sum":0.0010919570922852,"count":1,"realmem":0,"emalloc":1072,"realmem_start":90701824,"emalloc_start":87755656} [] []
[2024-01-09T13:38:02.873704+00:00] main.INFO: Cron Job sales_grid_order_creditmemo_async_insert is run [] []
[2024-01-09T13:38:02.874762+00:00] main.INFO: Cron Job sales_grid_order_creditmemo_async_insert is successfully finished. Statistics: {"sum":0.0010449886322021,"count":1,"realmem":0,"emalloc":1072,"realmem_start":90701824,"emalloc_start":87759824} [] []
[2024-01-09T13:38:02.891358+00:00] main.INFO: Cron Job sales_grid_order_invoice_async_insert is run [] []
[2024-01-09T13:38:02.893063+00:00] main.INFO: Cron Job sales_grid_order_invoice_async_insert is successfully finished. Statistics: {"sum":0.0016810894012451,"count":1,"realmem":0,"emalloc":1072,"realmem_start":90701824,"emalloc_start":87763336} [] []
[2024-01-09T13:38:02.909490+00:00] main.INFO: Cron Job sales_grid_order_shipment_async_insert is run [] []
[2024-01-09T13:38:02.910625+00:00] main.INFO: Cron Job sales_grid_order_shipment_async_insert is successfully finished. Statistics: {"sum":0.0011110305786133,"count":1,"realmem":0,"emalloc":1072,"realmem_start":90701824,"emalloc_start":87767168} [] []
[2024-01-09T13:38:02.939139+00:00] main.INFO: Cron Job sales_send_order_creditmemo_emails is run [] []
[2024-01-09T13:38:02.940315+00:00] main.INFO: Cron Job sales_send_order_creditmemo_emails is successfully finished. Statistics: {"sum":0.001154899597168,"count":1,"realmem":0,"emalloc":976,"realmem_start":92798976,"emalloc_start":89047112} [] []
[2024-01-09T13:38:02.967757+00:00] main.INFO: Cron Job sales_send_order_emails is run [] []
[2024-01-09T13:38:02.968880+00:00] main.INFO: Cron Job sales_send_order_emails is successfully finished. Statistics: {"sum":0.0011060237884521,"count":1,"realmem":0,"emalloc":1072,"realmem_start":92798976,"emalloc_start":90215352} [] []
[2024-01-09T13:38:02.989541+00:00] main.INFO: Cron Job sales_send_order_invoice_emails is run [] []
[2024-01-09T13:38:02.990628+00:00] main.INFO: Cron Job sales_send_order_invoice_emails is successfully finished. Statistics: {"sum":0.0010690689086914,"count":1,"realmem":0,"emalloc":1072,"realmem_start":92798976,"emalloc_start":90679088} [] []
[2024-01-09T13:38:03.012593+00:00] main.INFO: Cron Job sales_send_order_shipment_emails is run [] []
[2024-01-09T13:38:03.013827+00:00] main.INFO: Cron Job sales_send_order_shipment_emails is successfully finished. Statistics: {"sum":0.0012152194976807,"count":1,"realmem":0,"emalloc":1072,"realmem_start":94896128,"emalloc_start":91200536} [] []
[2024-01-09T13:38:03.512637+00:00] main.INFO: Cron Job indexer_reindex_all_invalid is run [] []
[2024-01-09T13:38:03.513560+00:00] main.INFO: Cron Job consumers_runner is run [] []
[2024-01-09T13:38:03.532570+00:00] main.INFO: Cron Job indexer_reindex_all_invalid is successfully finished. Statistics: {"sum":0.020025968551636,"count":1,"realmem":0,"emalloc":542560,"realmem_start":88604672,"emalloc_start":85032560} [] []
[2024-01-09T13:38:03.541200+00:00] main.INFO: Cron Job consumers_runner is successfully finished. Statistics: {"sum":0.027714967727661,"count":1,"realmem":0,"emalloc":127176,"realmem_start":88604672,"emalloc_start":85444488} [] []
[2024-01-09T13:38:03.576607+00:00] main.INFO: Cron Job indexer_update_all_views is run [] []
[2024-01-09T13:38:03.597560+00:00] main.INFO: Cron Job indexer_update_all_views is successfully finished. Statistics: {"sum":0.020929098129272,"count":1,"realmem":0,"emalloc":271976,"realmem_start":88604672,"emalloc_start":85577712} [] []
[2024-01-09T13:39:02.308737+00:00] main.INFO: Cron Job bulk_cleanup is run [] []
[2024-01-09T13:39:02.311842+00:00] main.INFO: Cron Job bulk_cleanup is successfully finished. Statistics: {"sum":0.0032138824462891,"count":1,"realmem":0,"emalloc":11144,"realmem_start":88604672,"emalloc_start":85327824} [] []
[2024-01-09T13:39:02.333061+00:00] main.INFO: Cron Job catalog_product_frontend_actions_flush is run [] []
[2024-01-09T13:39:02.335872+00:00] main.INFO: Cron Job catalog_product_frontend_actions_flush is successfully finished. Statistics: {"sum":0.0027761459350586,"count":1,"realmem":0,"emalloc":1512,"realmem_start":88604672,"emalloc_start":85366624} [] []
[2024-01-09T13:39:02.357121+00:00] main.INFO: Cron Job catalog_product_outdated_price_values_cleanup is run [] []
[2024-01-09T13:39:02.359297+00:00] main.INFO: Cron Job catalog_product_outdated_price_values_cleanup is successfully finished. Statistics: {"sum":0.0021460056304932,"count":1,"realmem":0,"emalloc":960,"realmem_start":88604672,"emalloc_start":85479272} [] []
[2024-01-09T13:39:02.389259+00:00] main.INFO: Cron Job inventory_in_store_pickup_sales_send_order_notified_emails is run [] []
[2024-01-09T13:39:02.391019+00:00] main.INFO: Cron Job inventory_in_store_pickup_sales_send_order_notified_emails is successfully finished. Statistics: {"sum":0.0017340183258057,"count":1,"realmem":0,"emalloc":976,"realmem_start":88604672,"emalloc_start":86013016} [] []
[2024-01-09T13:39:02.413722+00:00] main.INFO: Cron Job outdated_authentication_failures_cleanup is run [] []
[2024-01-09T13:39:02.416001+00:00] main.INFO: Cron Job outdated_authentication_failures_cleanup is successfully finished. Statistics: {"sum":0.002255916595459,"count":1,"realmem":0,"emalloc":1448,"realmem_start":88604672,"emalloc_start":86104792} [] []
[2024-01-09T13:39:02.438247+00:00] main.INFO: Cron Job sales_grid_order_async_insert is run [] []
[2024-01-09T13:39:02.440185+00:00] main.INFO: Cron Job sales_grid_order_async_insert is successfully finished. Statistics: {"sum":0.0019171237945557,"count":1,"realmem":2097152,"emalloc":1072,"realmem_start":88604672,"emalloc_start":86220688} [] []
[2024-01-09T13:39:02.458473+00:00] main.INFO: Cron Job sales_grid_order_creditmemo_async_insert is run [] []
[2024-01-09T13:39:02.460059+00:00] main.INFO: Cron Job sales_grid_order_creditmemo_async_insert is successfully finished. Statistics: {"sum":0.0015571117401123,"count":1,"realmem":0,"emalloc":1072,"realmem_start":90701824,"emalloc_start":86224856} [] []
[2024-01-09T13:39:02.479860+00:00] main.INFO: Cron Job sales_grid_order_invoice_async_insert is run [] []
[2024-01-09T13:39:02.481746+00:00] main.INFO: Cron Job sales_grid_order_invoice_async_insert is successfully finished. Statistics: {"sum":0.0018649101257324,"count":1,"realmem":0,"emalloc":1072,"realmem_start":90701824,"emalloc_start":86248848} [] []
[2024-01-09T13:39:02.506433+00:00] main.INFO: Cron Job sales_grid_order_shipment_async_insert is run [] []
[2024-01-09T13:39:02.508106+00:00] main.INFO: Cron Job sales_grid_order_shipment_async_insert is successfully finished. Statistics: {"sum":0.0016558170318604,"count":1,"realmem":0,"emalloc":1072,"realmem_start":90701824,"emalloc_start":86252360} [] []
[2024-01-09T13:39:02.552458+00:00] main.INFO: Cron Job sales_send_order_creditmemo_emails is run [] []
[2024-01-09T13:39:02.554948+00:00] main.INFO: Cron Job sales_send_order_creditmemo_emails is successfully finished. Statistics: {"sum":0.0024631023406982,"count":1,"realmem":0,"emalloc":976,"realmem_start":90701824,"emalloc_start":87454880} [] []
[2024-01-09T13:39:03.586600+00:00] main.INFO: Cron Job sales_send_order_emails is run [] []
[2024-01-09T13:39:03.588421+00:00] main.INFO: Cron Job sales_send_order_emails is successfully finished. Statistics: {"sum":0.0018038749694824,"count":1,"realmem":0,"emalloc":1072,"realmem_start":92798976,"emalloc_start":88622768} [] []
[2024-01-09T13:39:03.592770+00:00] main.INFO: Cron Job indexer_reindex_all_invalid is run [] []
[2024-01-09T13:39:03.595024+00:00] main.INFO: Cron Job consumers_runner is run [] []
[2024-01-09T13:39:03.619885+00:00] main.INFO: Cron Job indexer_reindex_all_invalid is successfully finished. Statistics: {"sum":0.027221918106079,"count":1,"realmem":0,"emalloc":542560,"realmem_start":88604672,"emalloc_start":85026752} [] []
[2024-01-09T13:39:03.625836+00:00] main.INFO: Cron Job sales_send_order_invoice_emails is run [] []
[2024-01-09T13:39:03.627200+00:00] main.INFO: Cron Job sales_send_order_invoice_emails is successfully finished. Statistics: {"sum":0.001352071762085,"count":1,"realmem":0,"emalloc":1072,"realmem_start":92798976,"emalloc_start":89152040} [] []
[2024-01-09T13:39:03.630647+00:00] main.INFO: Cron Job consumers_runner is successfully finished. Statistics: {"sum":0.035636901855469,"count":1,"realmem":0,"emalloc":127176,"realmem_start":88604672,"emalloc_start":85443376} [] []
[2024-01-09T13:39:03.648481+00:00] main.INFO: Cron Job indexer_update_all_views is run [] []
[2024-01-09T13:39:03.664587+00:00] main.INFO: Cron Job sales_send_order_shipment_emails is run [] []
[2024-01-09T13:39:03.665723+00:00] main.INFO: Cron Job sales_send_order_shipment_emails is successfully finished. Statistics: {"sum":0.0011019706726074,"count":1,"realmem":0,"emalloc":1072,"realmem_start":92798976,"emalloc_start":89607952} [] []
[2024-01-09T13:39:03.668738+00:00] main.INFO: Cron Job indexer_update_all_views is successfully finished. Statistics: {"sum":0.020237922668457,"count":1,"realmem":0,"emalloc":271656,"realmem_start":88604672,"emalloc_start":85571904} [] []
[2024-01-09T13:40:02.362618+00:00] main.INFO: Cron Job bulk_cleanup is run [] []
[2024-01-09T13:40:02.365456+00:00] main.INFO: Cron Job bulk_cleanup is successfully finished. Statistics: {"sum":0.0029470920562744,"count":1,"realmem":0,"emalloc":11144,"realmem_start":88604672,"emalloc_start":85296752} [] []
[2024-01-09T13:40:02.390598+00:00] main.INFO: Cron Job bulk_mark_incomplete_operations_as_failed is run [] []
[2024-01-09T13:40:02.393244+00:00] main.INFO: Cron Job bulk_mark_incomplete_operations_as_failed is successfully finished. Statistics: {"sum":0.002608060836792,"count":1,"realmem":0,"emalloc":1448,"realmem_start":88604672,"emalloc_start":85335080} [] []
[2024-01-09T13:40:02.413670+00:00] main.INFO: Cron Job captcha_delete_expired_images is run [] []
[2024-01-09T13:40:02.429561+00:00] main.INFO: Cron Job captcha_delete_expired_images is successfully finished. Statistics: {"sum":0.015861988067627,"count":1,"realmem":2097152,"emalloc":1337696,"realmem_start":88604672,"emalloc_start":85372120} [] []
[2024-01-09T13:40:02.449128+00:00] main.INFO: Cron Job catalog_product_attribute_value_synchronize is run [] []
[2024-01-09T13:40:02.452024+00:00] main.INFO: Cron Job catalog_product_attribute_value_synchronize is successfully finished. Statistics: {"sum":0.0030150413513184,"count":1,"realmem":0,"emalloc":22784,"realmem_start":90701824,"emalloc_start":86752624} [] []
[2024-01-09T13:40:02.473559+00:00] main.INFO: Cron Job catalog_product_frontend_actions_flush is run [] []
[2024-01-09T13:40:02.476274+00:00] main.INFO: Cron Job catalog_product_frontend_actions_flush is successfully finished. Statistics: {"sum":0.0026669502258301,"count":1,"realmem":0,"emalloc":1512,"realmem_start":90701824,"emalloc_start":86802680} [] []
[2024-01-09T13:40:02.498001+00:00] main.INFO: Cron Job catalog_product_outdated_price_values_cleanup is run [] []
[2024-01-09T13:40:02.499700+00:00] main.INFO: Cron Job catalog_product_outdated_price_values_cleanup is successfully finished. Statistics: {"sum":0.0016701221466064,"count":1,"realmem":0,"emalloc":960,"realmem_start":90701824,"emalloc_start":86915336} [] []
[2024-01-09T13:40:02.531221+00:00] main.INFO: Cron Job inventory_in_store_pickup_sales_send_order_notified_emails is run [] []
[2024-01-09T13:40:02.533078+00:00] main.INFO: Cron Job inventory_in_store_pickup_sales_send_order_notified_emails is successfully finished. Statistics: {"sum":0.0018260478973389,"count":1,"realmem":0,"emalloc":976,"realmem_start":90701824,"emalloc_start":87514576} [] []
[2024-01-09T13:40:02.582338+00:00] main.INFO: Cron Job magento_newrelicreporting_cron is run [] []
[2024-01-09T13:40:02.584202+00:00] main.INFO: Cron Job magento_newrelicreporting_cron is successfully finished. Statistics: {"sum":0.0018391609191895,"count":1,"realmem":0,"emalloc":944,"realmem_start":92798976,"emalloc_start":89054784} [] []
[2024-01-09T13:40:02.604954+00:00] main.INFO: Cron Job newsletter_send_all is run [] []
[2024-01-09T13:40:02.614881+00:00] main.INFO: Cron Job newsletter_send_all is successfully finished. Statistics: {"sum":0.009896993637085,"count":1,"realmem":0,"emalloc":603992,"realmem_start":92798976,"emalloc_start":89063552} [] []
[2024-01-09T13:40:02.639654+00:00] main.INFO: Cron Job outdated_authentication_failures_cleanup is run [] []
[2024-01-09T13:40:02.641933+00:00] main.INFO: Cron Job outdated_authentication_failures_cleanup is successfully finished. Statistics: {"sum":0.0022039413452148,"count":1,"realmem":0,"emalloc":1448,"realmem_start":92798976,"emalloc_start":89759040} [] []
[2024-01-09T13:40:02.666703+00:00] main.INFO: Cron Job sales_grid_order_async_insert is run [] []
[2024-01-09T13:40:02.668578+00:00] main.INFO: Cron Job sales_grid_order_async_insert is successfully finished. Statistics: {"sum":0.0018429756164551,"count":1,"realmem":0,"emalloc":1072,"realmem_start":92798976,"emalloc_start":89892192} [] []
[2024-01-09T13:40:02.701607+00:00] main.INFO: Cron Job sales_grid_order_creditmemo_async_insert is run [] []
[2024-01-09T13:40:02.704042+00:00] main.INFO: Cron Job sales_grid_order_creditmemo_async_insert is successfully finished. Statistics: {"sum":0.0023369789123535,"count":1,"realmem":0,"emalloc":1072,"realmem_start":92798976,"emalloc_start":89896360} [] []
[2024-01-09T13:40:02.736629+00:00] main.INFO: Cron Job sales_grid_order_invoice_async_insert is run [] []
[2024-01-09T13:40:02.739996+00:00] main.INFO: Cron Job sales_grid_order_invoice_async_insert is successfully finished. Statistics: {"sum":0.0033488273620605,"count":1,"realmem":0,"emalloc":1072,"realmem_start":92798976,"emalloc_start":89899872} [] []
[2024-01-09T13:40:02.771494+00:00] main.INFO: Cron Job sales_grid_order_shipment_async_insert is run [] []
[2024-01-09T13:40:02.773602+00:00] main.INFO: Cron Job sales_grid_order_shipment_async_insert is successfully finished. Statistics: {"sum":0.0021088123321533,"count":1,"realmem":0,"emalloc":1072,"realmem_start":92798976,"emalloc_start":89903384} [] []
[2024-01-09T13:40:02.820572+00:00] main.INFO: Cron Job sales_send_order_creditmemo_emails is run [] []
[2024-01-09T13:40:02.822807+00:00] main.INFO: Cron Job sales_send_order_creditmemo_emails is successfully finished. Statistics: {"sum":0.0021998882293701,"count":1,"realmem":0,"emalloc":976,"realmem_start":94896128,"emalloc_start":91076696} [] []
[2024-01-09T13:40:02.877104+00:00] main.INFO: Cron Job sales_send_order_emails is run [] []
[2024-01-09T13:40:02.879056+00:00] main.INFO: Cron Job sales_send_order_emails is successfully finished. Statistics: {"sum":0.0019350051879883,"count":1,"realmem":0,"emalloc":1072,"realmem_start":94896128,"emalloc_start":92249128} [] []
[2024-01-09T13:40:02.904806+00:00] main.INFO: Cron Job sales_send_order_invoice_emails is run [] []
[2024-01-09T13:40:02.906813+00:00] main.INFO: Cron Job sales_send_order_invoice_emails is successfully finished. Statistics: {"sum":0.0019760131835938,"count":1,"realmem":0,"emalloc":1072,"realmem_start":94896128,"emalloc_start":92778400} [] []
[2024-01-09T13:40:02.934232+00:00] main.INFO: Cron Job sales_send_order_shipment_emails is run [] []
[2024-01-09T13:40:02.937009+00:00] main.INFO: Cron Job sales_send_order_shipment_emails is successfully finished. Statistics: {"sum":0.0027370452880859,"count":1,"realmem":0,"emalloc":1072,"realmem_start":94896128,"emalloc_start":93234952} [] []
[2024-01-09T13:40:03.091628+00:00] main.INFO: Cron Job indexer_reindex_all_invalid is run [] []
[2024-01-09T13:40:03.111843+00:00] main.INFO: Cron Job consumers_runner is run [] []
[2024-01-09T13:40:03.113280+00:00] main.INFO: Cron Job indexer_reindex_all_invalid is successfully finished. Statistics: {"sum":0.021812915802002,"count":1,"realmem":0,"emalloc":542560,"realmem_start":88604672,"emalloc_start":85032560} [] []
[2024-01-09T13:40:03.133066+00:00] main.INFO: Cron Job indexer_update_all_views is run [] []
[2024-01-09T13:40:03.140284+00:00] main.INFO: Cron Job consumers_runner is successfully finished. Statistics: {"sum":0.028559923171997,"count":1,"realmem":0,"emalloc":127176,"realmem_start":88604672,"emalloc_start":85442264} [] []
[2024-01-09T13:40:03.152157+00:00] main.INFO: Cron Job indexer_update_all_views is successfully finished. Statistics: {"sum":0.019081830978394,"count":1,"realmem":0,"emalloc":271976,"realmem_start":88604672,"emalloc_start":85577712} [] []
[2024-01-09T13:41:01.865635+00:00] main.INFO: Cron Job bulk_cleanup is run [] []
[2024-01-09T13:41:01.868449+00:00] main.INFO: Cron Job bulk_cleanup is successfully finished. Statistics: {"sum":0.002903938293457,"count":1,"realmem":0,"emalloc":11144,"realmem_start":88604672,"emalloc_start":85276424} [] []
[2024-01-09T13:41:01.889314+00:00] main.INFO: Cron Job catalog_product_frontend_actions_flush is run [] []
[2024-01-09T13:41:01.892892+00:00] main.INFO: Cron Job catalog_product_frontend_actions_flush is successfully finished. Statistics: {"sum":0.0035331249237061,"count":1,"realmem":0,"emalloc":1512,"realmem_start":88604672,"emalloc_start":85315224} [] []
[2024-01-09T13:41:01.917173+00:00] main.INFO: Cron Job catalog_product_outdated_price_values_cleanup is run [] []
[2024-01-09T13:41:01.919161+00:00] main.INFO: Cron Job catalog_product_outdated_price_values_cleanup is successfully finished. Statistics: {"sum":0.0019571781158447,"count":1,"realmem":0,"emalloc":960,"realmem_start":88604672,"emalloc_start":85427872} [] []
[2024-01-09T13:41:01.950315+00:00] main.INFO: Cron Job inventory_in_store_pickup_sales_send_order_notified_emails is run [] []
[2024-01-09T13:41:01.952057+00:00] main.INFO: Cron Job inventory_in_store_pickup_sales_send_order_notified_emails is successfully finished. Statistics: {"sum":0.0017139911651611,"count":1,"realmem":0,"emalloc":976,"realmem_start":88604672,"emalloc_start":85961616} [] []
[2024-01-09T13:41:01.974024+00:00] main.INFO: Cron Job outdated_authentication_failures_cleanup is run [] []
[2024-01-09T13:41:01.976865+00:00] main.INFO: Cron Job outdated_authentication_failures_cleanup is successfully finished. Statistics: {"sum":0.0027890205383301,"count":1,"realmem":0,"emalloc":1448,"realmem_start":88604672,"emalloc_start":86053392} [] []
[2024-01-09T13:41:02.010249+00:00] main.INFO: Cron Job sales_grid_order_async_insert is run [] []
[2024-01-09T13:41:02.012475+00:00] main.INFO: Cron Job sales_grid_order_async_insert is successfully finished. Statistics: {"sum":0.0021960735321045,"count":1,"realmem":2097152,"emalloc":1072,"realmem_start":88604672,"emalloc_start":86169288} [] []
[2024-01-09T13:41:02.033380+00:00] main.INFO: Cron Job sales_grid_order_creditmemo_async_insert is run [] []
[2024-01-09T13:41:02.035300+00:00] main.INFO: Cron Job sales_grid_order_creditmemo_async_insert is successfully finished. Statistics: {"sum":0.001906156539917,"count":1,"realmem":0,"emalloc":1072,"realmem_start":90701824,"emalloc_start":86173456} [] []
[2024-01-09T13:41:02.055151+00:00] main.INFO: Cron Job sales_grid_order_invoice_async_insert is run [] []
[2024-01-09T13:41:02.057340+00:00] main.INFO: Cron Job sales_grid_order_invoice_async_insert is successfully finished. Statistics: {"sum":0.0021500587463379,"count":1,"realmem":0,"emalloc":1072,"realmem_start":90701824,"emalloc_start":86197448} [] []
[2024-01-09T13:41:02.078703+00:00] main.INFO: Cron Job sales_grid_order_shipment_async_insert is run [] []
[2024-01-09T13:41:02.080413+00:00] main.INFO: Cron Job sales_grid_order_shipment_async_insert is successfully finished. Statistics: {"sum":0.0017390251159668,"count":1,"realmem":0,"emalloc":1072,"realmem_start":90701824,"emalloc_start":86200960} [] []
[2024-01-09T13:41:02.111384+00:00] main.INFO: Cron Job sales_send_order_creditmemo_emails is run [] []
[2024-01-09T13:41:02.113076+00:00] main.INFO: Cron Job sales_send_order_creditmemo_emails is successfully finished. Statistics: {"sum":0.0016820430755615,"count":1,"realmem":0,"emalloc":976,"realmem_start":90701824,"emalloc_start":87403480} [] []
[2024-01-09T13:41:02.148906+00:00] main.INFO: Cron Job sales_send_order_emails is run [] []
[2024-01-09T13:41:02.151522+00:00] main.INFO: Cron Job sales_send_order_emails is successfully finished. Statistics: {"sum":0.0025842189788818,"count":1,"realmem":0,"emalloc":1072,"realmem_start":92798976,"emalloc_start":88571368} [] []
[2024-01-09T13:41:02.175947+00:00] main.INFO: Cron Job sales_send_order_invoice_emails is run [] []
[2024-01-09T13:41:02.177095+00:00] main.INFO: Cron Job sales_send_order_invoice_emails is successfully finished. Statistics: {"sum":0.0010879039764404,"count":1,"realmem":0,"emalloc":1072,"realmem_start":92798976,"emalloc_start":89100640} [] []
[2024-01-09T13:41:02.202375+00:00] main.INFO: Cron Job sales_send_order_shipment_emails is run [] []
[2024-01-09T13:41:02.203495+00:00] main.INFO: Cron Job sales_send_order_shipment_emails is successfully finished. Statistics: {"sum":0.001115083694458,"count":1,"realmem":0,"emalloc":1072,"realmem_start":92798976,"emalloc_start":89556552} [] []
[2024-01-09T13:41:02.645643+00:00] main.INFO: Cron Job consumers_runner is run [] []
[2024-01-09T13:41:02.653643+00:00] main.INFO: Cron Job indexer_reindex_all_invalid is run [] []
[2024-01-09T13:41:02.677565+00:00] main.INFO: Cron Job consumers_runner is successfully finished. Statistics: {"sum":0.032058000564575,"count":1,"realmem":0,"emalloc":127176,"realmem_start":88604672,"emalloc_start":85441152} [] []
[2024-01-09T13:41:02.678157+00:00] main.INFO: Cron Job indexer_reindex_all_invalid is successfully finished. Statistics: {"sum":0.024656057357788,"count":1,"realmem":0,"emalloc":542560,"realmem_start":88604672,"emalloc_start":85026752} [] []
[2024-01-09T13:41:02.713271+00:00] main.INFO: Cron Job indexer_update_all_views is run [] []
[2024-01-09T13:41:02.729508+00:00] main.INFO: Cron Job indexer_update_all_views is successfully finished. Statistics: {"sum":0.016217947006226,"count":1,"realmem":0,"emalloc":271656,"realmem_start":88604672,"emalloc_start":85571904} [] []
[2024-01-09T13:42:02.406214+00:00] main.INFO: Cron Job bulk_cleanup is run [] []
[2024-01-09T13:42:02.408684+00:00] main.INFO: Cron Job bulk_cleanup is successfully finished. Statistics: {"sum":0.0025601387023926,"count":1,"realmem":0,"emalloc":11144,"realmem_start":88604672,"emalloc_start":85261736} [] []
[2024-01-09T13:42:02.428838+00:00] main.INFO: Cron Job catalog_product_frontend_actions_flush is run [] []
[2024-01-09T13:42:02.431567+00:00] main.INFO: Cron Job catalog_product_frontend_actions_flush is successfully finished. Statistics: {"sum":0.002687931060791,"count":1,"realmem":0,"emalloc":1512,"realmem_start":88604672,"emalloc_start":85300536} [] []
[2024-01-09T13:42:02.454209+00:00] main.INFO: Cron Job catalog_product_outdated_price_values_cleanup is run [] []
[2024-01-09T13:42:02.456360+00:00] main.INFO: Cron Job catalog_product_outdated_price_values_cleanup is successfully finished. Statistics: {"sum":0.0021200180053711,"count":1,"realmem":0,"emalloc":960,"realmem_start":88604672,"emalloc_start":85413184} [] []
[2024-01-09T13:42:02.486330+00:00] main.INFO: Cron Job inventory_in_store_pickup_sales_send_order_notified_emails is run [] []
[2024-01-09T13:42:02.488027+00:00] main.INFO: Cron Job inventory_in_store_pickup_sales_send_order_notified_emails is successfully finished. Statistics: {"sum":0.0016698837280273,"count":1,"realmem":0,"emalloc":976,"realmem_start":88604672,"emalloc_start":85946928} [] []
[2024-01-09T13:42:02.526493+00:00] main.INFO: Cron Job magento_newrelicreporting_cron is run [] []
[2024-01-09T13:42:02.527955+00:00] main.INFO: Cron Job magento_newrelicreporting_cron is successfully finished. Statistics: {"sum":0.0014479160308838,"count":1,"realmem":0,"emalloc":944,"realmem_start":90701824,"emalloc_start":87531240} [] []
[2024-01-09T13:42:02.548083+00:00] main.INFO: Cron Job outdated_authentication_failures_cleanup is run [] []
[2024-01-09T13:42:02.551578+00:00] main.INFO: Cron Job outdated_authentication_failures_cleanup is successfully finished. Statistics: {"sum":0.0036189556121826,"count":1,"realmem":0,"emalloc":1448,"realmem_start":90701824,"emalloc_start":87557864} [] []
[2024-01-09T13:42:02.571588+00:00] main.INFO: Cron Job sales_grid_order_async_insert is run [] []
[2024-01-09T13:42:02.572533+00:00] main.INFO: Cron Job sales_grid_order_async_insert is successfully finished. Statistics: {"sum":0.00094389915466309,"count":1,"realmem":0,"emalloc":1072,"realmem_start":90701824,"emalloc_start":87673760} [] []
[2024-01-09T13:42:02.589313+00:00] main.INFO: Cron Job sales_grid_order_creditmemo_async_insert is run [] []
[2024-01-09T13:42:02.590384+00:00] main.INFO: Cron Job sales_grid_order_creditmemo_async_insert is successfully finished. Statistics: {"sum":0.0010640621185303,"count":1,"realmem":0,"emalloc":1072,"realmem_start":90701824,"emalloc_start":87677928} [] []
[2024-01-09T13:42:02.606878+00:00] main.INFO: Cron Job sales_grid_order_invoice_async_insert is run [] []
[2024-01-09T13:42:02.607950+00:00] main.INFO: Cron Job sales_grid_order_invoice_async_insert is successfully finished. Statistics: {"sum":0.0010581016540527,"count":1,"realmem":0,"emalloc":1072,"realmem_start":90701824,"emalloc_start":87681440} [] []
[2024-01-09T13:42:02.623181+00:00] main.INFO: Cron Job sales_grid_order_shipment_async_insert is run [] []
[2024-01-09T13:42:02.624263+00:00] main.INFO: Cron Job sales_grid_order_shipment_async_insert is successfully finished. Statistics: {"sum":0.001068115234375,"count":1,"realmem":0,"emalloc":1072,"realmem_start":90701824,"emalloc_start":87685272} [] []
[2024-01-09T13:42:02.649904+00:00] main.INFO: Cron Job sales_send_order_creditmemo_emails is run [] []
[2024-01-09T13:42:02.651316+00:00] main.INFO: Cron Job sales_send_order_creditmemo_emails is successfully finished. Statistics: {"sum":0.0013940334320068,"count":1,"realmem":0,"emalloc":976,"realmem_start":92798976,"emalloc_start":88965216} [] []
[2024-01-09T13:42:02.681553+00:00] main.INFO: Cron Job sales_send_order_emails is run [] []
[2024-01-09T13:42:02.685036+00:00] main.INFO: Cron Job sales_send_order_emails is successfully finished. Statistics: {"sum":0.0034410953521729,"count":1,"realmem":0,"emalloc":1072,"realmem_start":92798976,"emalloc_start":90133456} [] []
[2024-01-09T13:42:02.721047+00:00] main.INFO: Cron Job sales_send_order_invoice_emails is run [] []
[2024-01-09T13:42:02.723414+00:00] main.INFO: Cron Job sales_send_order_invoice_emails is successfully finished. Statistics: {"sum":0.0023281574249268,"count":1,"realmem":0,"emalloc":1072,"realmem_start":92798976,"emalloc_start":90597192} [] []
[2024-01-09T13:42:02.779458+00:00] main.INFO: Cron Job sales_send_order_shipment_emails is run [] []
[2024-01-09T13:42:02.782428+00:00] main.INFO: Cron Job sales_send_order_shipment_emails is successfully finished. Statistics: {"sum":0.0029311180114746,"count":1,"realmem":0,"emalloc":1072,"realmem_start":94896128,"emalloc_start":91118640} [] []
[2024-01-09T13:42:03.177149+00:00] main.INFO: Cron Job consumers_runner is run [] []
[2024-01-09T13:42:03.202725+00:00] main.INFO: Cron Job consumers_runner is successfully finished. Statistics: {"sum":0.025630950927734,"count":1,"realmem":0,"emalloc":127176,"realmem_start":88604672,"emalloc_start":85438760} [] []
[2024-01-09T13:42:03.222196+00:00] main.INFO: Cron Job indexer_reindex_all_invalid is run [] []
[2024-01-09T13:42:03.244281+00:00] main.INFO: Cron Job indexer_reindex_all_invalid is successfully finished. Statistics: {"sum":0.022178888320923,"count":1,"realmem":0,"emalloc":542560,"realmem_start":88604672,"emalloc_start":85032560} [] []
[2024-01-09T13:42:03.263805+00:00] main.INFO: Cron Job indexer_update_all_views is run [] []
[2024-01-09T13:42:03.280040+00:00] main.INFO: Cron Job indexer_update_all_views is successfully finished. Statistics: {"sum":0.016215801239014,"count":1,"realmem":0,"emalloc":271976,"realmem_start":88604672,"emalloc_start":85577712} [] []
[2024-01-09T13:43:01.968673+00:00] main.INFO: Cron Job bulk_cleanup is run [] []
[2024-01-09T13:43:01.971716+00:00] main.INFO: Cron Job bulk_cleanup is successfully finished. Statistics: {"sum":0.003148078918457,"count":1,"realmem":0,"emalloc":11144,"realmem_start":88604672,"emalloc_start":85245928} [] []
[2024-01-09T13:43:01.992824+00:00] main.INFO: Cron Job catalog_product_frontend_actions_flush is run [] []
[2024-01-09T13:43:01.995484+00:00] main.INFO: Cron Job catalog_product_frontend_actions_flush is successfully finished. Statistics: {"sum":0.0026259422302246,"count":1,"realmem":0,"emalloc":1512,"realmem_start":88604672,"emalloc_start":85284728} [] []
[2024-01-09T13:43:02.016606+00:00] main.INFO: Cron Job catalog_product_outdated_price_values_cleanup is run [] []
[2024-01-09T13:43:02.018872+00:00] main.INFO: Cron Job catalog_product_outdated_price_values_cleanup is successfully finished. Statistics: {"sum":0.0017900466918945,"count":1,"realmem":0,"emalloc":960,"realmem_start":88604672,"emalloc_start":85397376} [] []
[2024-01-09T13:43:02.050113+00:00] main.INFO: Cron Job inventory_in_store_pickup_sales_send_order_notified_emails is run [] []
[2024-01-09T13:43:02.051785+00:00] main.INFO: Cron Job inventory_in_store_pickup_sales_send_order_notified_emails is successfully finished. Statistics: {"sum":0.0016419887542725,"count":1,"realmem":0,"emalloc":976,"realmem_start":88604672,"emalloc_start":85931120} [] []
[2024-01-09T13:43:02.070941+00:00] main.INFO: Cron Job outdated_authentication_failures_cleanup is run [] []
[2024-01-09T13:43:02.073444+00:00] main.INFO: Cron Job outdated_authentication_failures_cleanup is successfully finished. Statistics: {"sum":0.0024728775024414,"count":1,"realmem":0,"emalloc":1448,"realmem_start":88604672,"emalloc_start":86022896} [] []
[2024-01-09T13:43:02.097091+00:00] main.INFO: Cron Job sales_grid_order_async_insert is run [] []
[2024-01-09T13:43:02.099140+00:00] main.INFO: Cron Job sales_grid_order_async_insert is successfully finished. Statistics: {"sum":0.0020179748535156,"count":1,"realmem":0,"emalloc":1072,"realmem_start":90701824,"emalloc_start":86138792} [] []
[2024-01-09T13:43:02.126902+00:00] main.INFO: Cron Job sales_grid_order_creditmemo_async_insert is run [] []
[2024-01-09T13:43:02.128477+00:00] main.INFO: Cron Job sales_grid_order_creditmemo_async_insert is successfully finished. Statistics: {"sum":0.0015490055084229,"count":1,"realmem":0,"emalloc":1072,"realmem_start":90701824,"emalloc_start":86142960} [] []
[2024-01-09T13:43:02.150614+00:00] main.INFO: Cron Job sales_grid_order_invoice_async_insert is run [] []
[2024-01-09T13:43:02.151695+00:00] main.INFO: Cron Job sales_grid_order_invoice_async_insert is successfully finished. Statistics: {"sum":0.0010690689086914,"count":1,"realmem":0,"emalloc":1072,"realmem_start":90701824,"emalloc_start":86166952} [] []
[2024-01-09T13:43:02.167276+00:00] main.INFO: Cron Job sales_grid_order_shipment_async_insert is run [] []
[2024-01-09T13:43:02.168432+00:00] main.INFO: Cron Job sales_grid_order_shipment_async_insert is successfully finished. Statistics: {"sum":0.0011410713195801,"count":1,"realmem":0,"emalloc":1072,"realmem_start":90701824,"emalloc_start":86170464} [] []
[2024-01-09T13:43:02.193848+00:00] main.INFO: Cron Job sales_send_order_creditmemo_emails is run [] []
[2024-01-09T13:43:02.196425+00:00] main.INFO: Cron Job sales_send_order_creditmemo_emails is successfully finished. Statistics: {"sum":0.0025019645690918,"count":1,"realmem":0,"emalloc":976,"realmem_start":90701824,"emalloc_start":87372984} [] []
[2024-01-09T13:43:02.226060+00:00] main.INFO: Cron Job sales_send_order_emails is run [] []
[2024-01-09T13:43:02.227140+00:00] main.INFO: Cron Job sales_send_order_emails is successfully finished. Statistics: {"sum":0.0010650157928467,"count":1,"realmem":0,"emalloc":1072,"realmem_start":92798976,"emalloc_start":88540872} [] []
[2024-01-09T13:43:02.247628+00:00] main.INFO: Cron Job sales_send_order_invoice_emails is run [] []
[2024-01-09T13:43:02.248821+00:00] main.INFO: Cron Job sales_send_order_invoice_emails is successfully finished. Statistics: {"sum":0.0011739730834961,"count":1,"realmem":0,"emalloc":1072,"realmem_start":92798976,"emalloc_start":89070144} [] []
[2024-01-09T13:43:02.273034+00:00] main.INFO: Cron Job sales_send_order_shipment_emails is run [] []
[2024-01-09T13:43:02.274719+00:00] main.INFO: Cron Job sales_send_order_shipment_emails is successfully finished. Statistics: {"sum":0.0016579627990723,"count":1,"realmem":0,"emalloc":1072,"realmem_start":92798976,"emalloc_start":89526056} [] []
[2024-01-09T13:43:02.634935+00:00] main.INFO: Cron Job consumers_runner is run [] []
[2024-01-09T13:43:02.644314+00:00] main.INFO: Cron Job indexer_reindex_all_invalid is run [] []
[2024-01-09T13:43:02.666845+00:00] main.INFO: Cron Job consumers_runner is successfully finished. Statistics: {"sum":0.03205418586731,"count":1,"realmem":0,"emalloc":127176,"realmem_start":88604672,"emalloc_start":85437648} [] []
[2024-01-09T13:43:02.666872+00:00] main.INFO: Cron Job indexer_reindex_all_invalid is successfully finished. Statistics: {"sum":0.022722005844116,"count":1,"realmem":0,"emalloc":542560,"realmem_start":88604672,"emalloc_start":85026752} [] []
[2024-01-09T13:43:02.685693+00:00] main.INFO: Cron Job indexer_update_all_views is run [] []
[2024-01-09T13:43:02.701446+00:00] main.INFO: Cron Job indexer_update_all_views is successfully finished. Statistics: {"sum":0.015748977661133,"count":1,"realmem":0,"emalloc":271656,"realmem_start":88604672,"emalloc_start":85571904} [] []
[2024-01-09T13:44:02.337396+00:00] main.INFO: 0 cron jobs were cleaned [] []
[2024-01-09T13:44:02.362994+00:00] main.INFO: 155 cron jobs were cleaned [] []
[2024-01-09T13:44:02.401855+00:00] main.INFO: Cron Job bulk_cleanup is run [] []
[2024-01-09T13:44:02.403533+00:00] main.INFO: Cron Job bulk_cleanup is successfully finished. Statistics: {"sum":0.0016748905181885,"count":1,"realmem":0,"emalloc":5512,"realmem_start":88604672,"emalloc_start":85236872} [] []
[2024-01-09T13:44:02.422980+00:00] main.INFO: Cron Job catalog_product_frontend_actions_flush is run [] []
[2024-01-09T13:44:02.424930+00:00] main.INFO: Cron Job catalog_product_frontend_actions_flush is successfully finished. Statistics: {"sum":0.0019209384918213,"count":1,"realmem":0,"emalloc":1512,"realmem_start":88604672,"emalloc_start":85270040} [] []
[2024-01-09T13:44:02.442784+00:00] main.INFO: Cron Job catalog_product_outdated_price_values_cleanup is run [] []
[2024-01-09T13:44:02.443883+00:00] main.INFO: Cron Job catalog_product_outdated_price_values_cleanup is successfully finished. Statistics: {"sum":0.0010848045349121,"count":1,"realmem":0,"emalloc":960,"realmem_start":88604672,"emalloc_start":85382688} [] []
[2024-01-09T13:44:02.468130+00:00] main.INFO: Cron Job inventory_in_store_pickup_sales_send_order_notified_emails is run [] []
[2024-01-09T13:44:02.469250+00:00] main.INFO: Cron Job inventory_in_store_pickup_sales_send_order_notified_emails is successfully finished. Statistics: {"sum":0.0010709762573242,"count":1,"realmem":0,"emalloc":976,"realmem_start":88604672,"emalloc_start":85916432} [] []
[2024-01-09T13:44:02.504534+00:00] main.INFO: Cron Job magento_newrelicreporting_cron is run [] []
[2024-01-09T13:44:02.505744+00:00] main.INFO: Cron Job magento_newrelicreporting_cron is successfully finished. Statistics: {"sum":0.0011777877807617,"count":1,"realmem":0,"emalloc":944,"realmem_start":90701824,"emalloc_start":87500744} [] []
[2024-01-09T13:44:02.525527+00:00] main.INFO: Cron Job outdated_authentication_failures_cleanup is run [] []
[2024-01-09T13:44:02.527030+00:00] main.INFO: Cron Job outdated_authentication_failures_cleanup is successfully finished. Statistics: {"sum":0.00148606300354,"count":1,"realmem":0,"emalloc":1448,"realmem_start":90701824,"emalloc_start":87527368} [] []
[2024-01-09T13:44:02.547738+00:00] main.INFO: Cron Job sales_grid_order_async_insert is run [] []
[2024-01-09T13:44:02.548839+00:00] main.INFO: Cron Job sales_grid_order_async_insert is successfully finished. Statistics: {"sum":0.0010890960693359,"count":1,"realmem":0,"emalloc":1072,"realmem_start":90701824,"emalloc_start":87643264} [] []
[2024-01-09T13:44:02.576247+00:00] main.INFO: Cron Job sales_grid_order_creditmemo_async_insert is run [] []
[2024-01-09T13:44:02.577490+00:00] main.INFO: Cron Job sales_grid_order_creditmemo_async_insert is successfully finished. Statistics: {"sum":0.0012011528015137,"count":1,"realmem":0,"emalloc":1072,"realmem_start":90701824,"emalloc_start":87647432} [] []
[2024-01-09T13:44:02.598081+00:00] main.INFO: Cron Job sales_grid_order_invoice_async_insert is run [] []
[2024-01-09T13:44:02.599312+00:00] main.INFO: Cron Job sales_grid_order_invoice_async_insert is successfully finished. Statistics: {"sum":0.0012137889862061,"count":1,"realmem":0,"emalloc":1072,"realmem_start":90701824,"emalloc_start":87650944} [] []
[2024-01-09T13:44:02.615863+00:00] main.INFO: Cron Job sales_grid_order_shipment_async_insert is run [] []
[2024-01-09T13:44:02.617066+00:00] main.INFO: Cron Job sales_grid_order_shipment_async_insert is successfully finished. Statistics: {"sum":0.0011780261993408,"count":1,"realmem":0,"emalloc":1072,"realmem_start":90701824,"emalloc_start":87654776} [] []
[2024-01-09T13:44:02.644093+00:00] main.INFO: Cron Job sales_send_order_creditmemo_emails is run [] []
[2024-01-09T13:44:02.646099+00:00] main.INFO: Cron Job sales_send_order_creditmemo_emails is successfully finished. Statistics: {"sum":0.0019888877868652,"count":1,"realmem":0,"emalloc":976,"realmem_start":92798976,"emalloc_start":88934720} [] []
[2024-01-09T13:44:02.673336+00:00] main.INFO: Cron Job sales_send_order_emails is run [] []
[2024-01-09T13:44:02.674478+00:00] main.INFO: Cron Job sales_send_order_emails is successfully finished. Statistics: {"sum":0.0011301040649414,"count":1,"realmem":0,"emalloc":1072,"realmem_start":92798976,"emalloc_start":90102960} [] []
[2024-01-09T13:44:02.695168+00:00] main.INFO: Cron Job sales_send_order_invoice_emails is run [] []
[2024-01-09T13:44:02.696402+00:00] main.INFO: Cron Job sales_send_order_invoice_emails is successfully finished. Statistics: {"sum":0.0012140274047852,"count":1,"realmem":0,"emalloc":1072,"realmem_start":92798976,"emalloc_start":90566696} [] []
[2024-01-09T13:44:02.719887+00:00] main.INFO: Cron Job sales_send_order_shipment_emails is run [] []
[2024-01-09T13:44:02.721007+00:00] main.INFO: Cron Job sales_send_order_shipment_emails is successfully finished. Statistics: {"sum":0.0011270046234131,"count":1,"realmem":0,"emalloc":1072,"realmem_start":94896128,"emalloc_start":91088144} [] []
[2024-01-09T13:44:03.208566+00:00] main.INFO: 11 cron jobs were cleaned [] []
[2024-01-09T13:44:03.245024+00:00] main.INFO: 22 cron jobs were cleaned [] []
[2024-01-09T13:44:03.250183+00:00] main.INFO: Cron Job consumers_runner is run [] []
[2024-01-09T13:44:03.278504+00:00] main.INFO: Cron Job consumers_runner is successfully finished. Statistics: {"sum":0.028308868408203,"count":1,"realmem":0,"emalloc":121544,"realmem_start":88604672,"emalloc_start":85442168} [] []
[2024-01-09T13:44:03.303983+00:00] main.INFO: Cron Job indexer_reindex_all_invalid is run [] []
[2024-01-09T13:44:03.321477+00:00] main.INFO: Cron Job indexer_reindex_all_invalid is successfully finished. Statistics: {"sum":0.017514944076538,"count":1,"realmem":0,"emalloc":536928,"realmem_start":88604672,"emalloc_start":85038192} [] []
[2024-01-09T13:44:03.341259+00:00] main.INFO: Cron Job indexer_update_all_views is run [] []
[2024-01-09T13:44:03.357930+00:00] main.INFO: Cron Job indexer_update_all_views is successfully finished. Statistics: {"sum":0.01665210723877,"count":1,"realmem":0,"emalloc":271976,"realmem_start":88604672,"emalloc_start":85577712} [] []
[2024-01-09T13:45:02.041402+00:00] main.INFO: Cron Job bulk_cleanup is run [] []
[2024-01-09T13:45:02.044035+00:00] main.INFO: Cron Job bulk_cleanup is successfully finished. Statistics: {"sum":0.0027370452880859,"count":1,"realmem":0,"emalloc":11144,"realmem_start":88604672,"emalloc_start":85215432} [] []
[2024-01-09T13:45:02.064266+00:00] main.INFO: Cron Job catalog_product_attribute_value_synchronize is run [] []
[2024-01-09T13:45:02.067680+00:00] main.INFO: Cron Job catalog_product_attribute_value_synchronize is successfully finished. Statistics: {"sum":0.0033819675445557,"count":1,"realmem":0,"emalloc":22784,"realmem_start":88604672,"emalloc_start":85269904} [] []
[2024-01-09T13:45:02.087957+00:00] main.INFO: Cron Job catalog_product_frontend_actions_flush is run [] []
[2024-01-09T13:45:02.090948+00:00] main.INFO: Cron Job catalog_product_frontend_actions_flush is successfully finished. Statistics: {"sum":0.0029549598693848,"count":1,"realmem":0,"emalloc":1512,"realmem_start":88604672,"emalloc_start":85319960} [] []
[2024-01-09T13:45:02.113369+00:00] main.INFO: Cron Job catalog_product_outdated_price_values_cleanup is run [] []
[2024-01-09T13:45:02.115104+00:00] main.INFO: Cron Job catalog_product_outdated_price_values_cleanup is successfully finished. Statistics: {"sum":0.0016968250274658,"count":1,"realmem":0,"emalloc":960,"realmem_start":88604672,"emalloc_start":85432608} [] []
[2024-01-09T13:45:02.139514+00:00] main.INFO: Cron Job inventory_in_store_pickup_sales_send_order_notified_emails is run [] []
[2024-01-09T13:45:02.140680+00:00] main.INFO: Cron Job inventory_in_store_pickup_sales_send_order_notified_emails is successfully finished. Statistics: {"sum":0.0011518001556396,"count":1,"realmem":0,"emalloc":976,"realmem_start":88604672,"emalloc_start":86031888} [] []
[2024-01-09T13:45:02.157306+00:00] main.INFO: Cron Job newsletter_send_all is run [] []
[2024-01-09T13:45:02.164154+00:00] main.INFO: Cron Job newsletter_send_all is successfully finished. Statistics: {"sum":0.0068209171295166,"count":1,"realmem":2097152,"emalloc":604264,"realmem_start":88604672,"emalloc_start":86040272} [] []
[2024-01-09T13:45:02.182290+00:00] main.INFO: Cron Job outdated_authentication_failures_cleanup is run [] []
[2024-01-09T13:45:02.183958+00:00] main.INFO: Cron Job outdated_authentication_failures_cleanup is successfully finished. Statistics: {"sum":0.0016419887542725,"count":1,"realmem":0,"emalloc":1448,"realmem_start":90701824,"emalloc_start":86670176} [] []
[2024-01-09T13:45:02.204206+00:00] main.INFO: Cron Job sales_grid_order_async_insert is run [] []
[2024-01-09T13:45:02.205358+00:00] main.INFO: Cron Job sales_grid_order_async_insert is successfully finished. Statistics: {"sum":0.001147985458374,"count":1,"realmem":0,"emalloc":1072,"realmem_start":90701824,"emalloc_start":86823808} [] []
[2024-01-09T13:45:02.244599+00:00] main.INFO: Cron Job sales_grid_order_creditmemo_async_insert is run [] []
[2024-01-09T13:45:02.245835+00:00] main.INFO: Cron Job sales_grid_order_creditmemo_async_insert is successfully finished. Statistics: {"sum":0.0012121200561523,"count":1,"realmem":0,"emalloc":1072,"realmem_start":90701824,"emalloc_start":86827976} [] []
[2024-01-09T13:45:02.263134+00:00] main.INFO: Cron Job sales_grid_order_invoice_async_insert is run [] []
[2024-01-09T13:45:02.264402+00:00] main.INFO: Cron Job sales_grid_order_invoice_async_insert is successfully finished. Statistics: {"sum":0.0012078285217285,"count":1,"realmem":0,"emalloc":1072,"realmem_start":90701824,"emalloc_start":86831808} [] []
[2024-01-09T13:45:02.280996+00:00] main.INFO: Cron Job sales_grid_order_shipment_async_insert is run [] []
[2024-01-09T13:45:02.282099+00:00] main.INFO: Cron Job sales_grid_order_shipment_async_insert is successfully finished. Statistics: {"sum":0.0010859966278076,"count":1,"realmem":0,"emalloc":1072,"realmem_start":90701824,"emalloc_start":86835320} [] []
[2024-01-09T13:45:02.308392+00:00] main.INFO: Cron Job sales_send_order_creditmemo_emails is run [] []
[2024-01-09T13:45:02.309676+00:00] main.INFO: Cron Job sales_send_order_creditmemo_emails is successfully finished. Statistics: {"sum":0.0012588500976562,"count":1,"realmem":0,"emalloc":976,"realmem_start":90701824,"emalloc_start":88082408} [] []
[2024-01-09T13:45:02.337536+00:00] main.INFO: Cron Job sales_send_order_emails is run [] []
[2024-01-09T13:45:02.338783+00:00] main.INFO: Cron Job sales_send_order_emails is successfully finished. Statistics: {"sum":0.0012378692626953,"count":1,"realmem":0,"emalloc":1072,"realmem_start":92798976,"emalloc_start":89250168} [] []
[2024-01-09T13:45:02.360719+00:00] main.INFO: Cron Job sales_send_order_invoice_emails is run [] []
[2024-01-09T13:45:02.361792+00:00] main.INFO: Cron Job sales_send_order_invoice_emails is successfully finished. Statistics: {"sum":0.0010578632354736,"count":1,"realmem":0,"emalloc":1072,"realmem_start":92798976,"emalloc_start":89713904} [] []
[2024-01-09T13:45:02.384664+00:00] main.INFO: Cron Job sales_send_order_shipment_emails is run [] []
[2024-01-09T13:45:02.385891+00:00] main.INFO: Cron Job sales_send_order_shipment_emails is successfully finished. Statistics: {"sum":0.0011680126190186,"count":1,"realmem":0,"emalloc":1072,"realmem_start":92798976,"emalloc_start":90235352} [] []
[2024-01-09T13:45:02.877847+00:00] main.INFO: Cron Job consumers_runner is run [] []
[2024-01-09T13:45:02.883440+00:00] main.INFO: Cron Job indexer_reindex_all_invalid is run [] []
[2024-01-09T13:45:02.906329+00:00] main.INFO: Cron Job indexer_reindex_all_invalid is successfully finished. Statistics: {"sum":0.023056030273438,"count":1,"realmem":0,"emalloc":542560,"realmem_start":88604672,"emalloc_start":85026752} [] []
[2024-01-09T13:45:02.909491+00:00] main.INFO: Cron Job consumers_runner is successfully finished. Statistics: {"sum":0.031710863113403,"count":1,"realmem":0,"emalloc":127176,"realmem_start":88604672,"emalloc_start":85435424} [] []
[2024-01-09T13:45:02.937154+00:00] main.INFO: Cron Job indexer_update_all_views is run [] []
[2024-01-09T13:45:02.953160+00:00] main.INFO: Cron Job indexer_update_all_views is successfully finished. Statistics: {"sum":0.015987873077393,"count":1,"realmem":0,"emalloc":271656,"realmem_start":88604672,"emalloc_start":85571904} [] []
[2024-01-09T13:46:02.622040+00:00] main.INFO: Cron Job bulk_cleanup is run [] []
[2024-01-09T13:46:02.624538+00:00] main.INFO: Cron Job bulk_cleanup is successfully finished. Statistics: {"sum":0.0026149749755859,"count":1,"realmem":0,"emalloc":11144,"realmem_start":88604672,"emalloc_start":85198488} [] []
[2024-01-09T13:46:02.644756+00:00] main.INFO: Cron Job catalog_product_frontend_actions_flush is run [] []
[2024-01-09T13:46:02.647527+00:00] main.INFO: Cron Job catalog_product_frontend_actions_flush is successfully finished. Statistics: {"sum":0.0027339458465576,"count":1,"realmem":0,"emalloc":1512,"realmem_start":88604672,"emalloc_start":85237288} [] []
[2024-01-09T13:46:02.668741+00:00] main.INFO: Cron Job catalog_product_outdated_price_values_cleanup is run [] []
[2024-01-09T13:46:02.670479+00:00] main.INFO: Cron Job catalog_product_outdated_price_values_cleanup is successfully finished. Statistics: {"sum":0.0017080307006836,"count":1,"realmem":0,"emalloc":960,"realmem_start":88604672,"emalloc_start":85349936} [] []
[2024-01-09T13:46:02.701387+00:00] main.INFO: Cron Job inventory_in_store_pickup_sales_send_order_notified_emails is run [] []
[2024-01-09T13:46:02.702970+00:00] main.INFO: Cron Job inventory_in_store_pickup_sales_send_order_notified_emails is successfully finished. Statistics: {"sum":0.0015590190887451,"count":1,"realmem":0,"emalloc":976,"realmem_start":88604672,"emalloc_start":85883680} [] []
[2024-01-09T13:46:02.745144+00:00] main.INFO: Cron Job magento_newrelicreporting_cron is run [] []
[2024-01-09T13:46:02.747300+00:00] main.INFO: Cron Job magento_newrelicreporting_cron is successfully finished. Statistics: {"sum":0.001945972442627,"count":1,"realmem":0,"emalloc":944,"realmem_start":90701824,"emalloc_start":87467992} [] []
[2024-01-09T13:46:02.766504+00:00] main.INFO: Cron Job outdated_authentication_failures_cleanup is run [] []
[2024-01-09T13:46:02.768840+00:00] main.INFO: Cron Job outdated_authentication_failures_cleanup is successfully finished. Statistics: {"sum":0.0023009777069092,"count":1,"realmem":0,"emalloc":1448,"realmem_start":90701824,"emalloc_start":87494616} [] []
[2024-01-09T13:46:02.792401+00:00] main.INFO: Cron Job sales_grid_order_async_insert is run [] []
[2024-01-09T13:46:02.794216+00:00] main.INFO: Cron Job sales_grid_order_async_insert is successfully finished. Statistics: {"sum":0.0017938613891602,"count":1,"realmem":0,"emalloc":1072,"realmem_start":90701824,"emalloc_start":87610512} [] []
[2024-01-09T13:46:02.813133+00:00] main.INFO: Cron Job sales_grid_order_creditmemo_async_insert is run [] []
[2024-01-09T13:46:02.814740+00:00] main.INFO: Cron Job sales_grid_order_creditmemo_async_insert is successfully finished. Statistics: {"sum":0.001816987991333,"count":1,"realmem":0,"emalloc":1072,"realmem_start":90701824,"emalloc_start":87614680} [] []
[2024-01-09T13:46:02.834840+00:00] main.INFO: Cron Job sales_grid_order_invoice_async_insert is run [] []
[2024-01-09T13:46:02.836716+00:00] main.INFO: Cron Job sales_grid_order_invoice_async_insert is successfully finished. Statistics: {"sum":0.0018448829650879,"count":1,"realmem":0,"emalloc":1072,"realmem_start":90701824,"emalloc_start":87618192} [] []
[2024-01-09T13:46:02.856520+00:00] main.INFO: Cron Job sales_grid_order_shipment_async_insert is run [] []
[2024-01-09T13:46:02.858049+00:00] main.INFO: Cron Job sales_grid_order_shipment_async_insert is successfully finished. Statistics: {"sum":0.0015029907226562,"count":1,"realmem":0,"emalloc":1072,"realmem_start":90701824,"emalloc_start":87622024} [] []
[2024-01-09T13:46:02.890277+00:00] main.INFO: Cron Job sales_send_order_creditmemo_emails is run [] []
[2024-01-09T13:46:02.892348+00:00] main.INFO: Cron Job sales_send_order_creditmemo_emails is successfully finished. Statistics: {"sum":0.0020661354064941,"count":1,"realmem":0,"emalloc":976,"realmem_start":92798976,"emalloc_start":88901968} [] []
[2024-01-09T13:46:02.942776+00:00] main.INFO: Cron Job sales_send_order_emails is run [] []
[2024-01-09T13:46:02.944384+00:00] main.INFO: Cron Job sales_send_order_emails is successfully finished. Statistics: {"sum":0.0015790462493896,"count":1,"realmem":0,"emalloc":1072,"realmem_start":92798976,"emalloc_start":90070208} [] []
[2024-01-09T13:46:02.989825+00:00] main.INFO: Cron Job sales_send_order_invoice_emails is run [] []
[2024-01-09T13:46:02.991838+00:00] main.INFO: Cron Job sales_send_order_invoice_emails is successfully finished. Statistics: {"sum":0.0019841194152832,"count":1,"realmem":0,"emalloc":1072,"realmem_start":92798976,"emalloc_start":90533944} [] []
[2024-01-09T13:46:03.022050+00:00] main.INFO: Cron Job sales_send_order_shipment_emails is run [] []
[2024-01-09T13:46:03.024332+00:00] main.INFO: Cron Job sales_send_order_shipment_emails is successfully finished. Statistics: {"sum":0.0020840167999268,"count":1,"realmem":0,"emalloc":1072,"realmem_start":94896128,"emalloc_start":91055392} [] []
[2024-01-09T13:46:03.289306+00:00] main.INFO: Cron Job indexer_reindex_all_invalid is run [] []
[2024-01-09T13:46:03.294154+00:00] main.INFO: Cron Job consumers_runner is run [] []
[2024-01-09T13:46:03.309308+00:00] main.INFO: Cron Job indexer_reindex_all_invalid is successfully finished. Statistics: {"sum":0.020101070404053,"count":1,"realmem":0,"emalloc":542560,"realmem_start":88604672,"emalloc_start":85032560} [] []
[2024-01-09T13:46:03.320790+00:00] main.INFO: Cron Job consumers_runner is successfully finished. Statistics: {"sum":0.026700019836426,"count":1,"realmem":0,"emalloc":127176,"realmem_start":88604672,"emalloc_start":85434312} [] []
[2024-01-09T13:46:03.328796+00:00] main.INFO: Cron Job indexer_update_all_views is run [] []
[2024-01-09T13:46:03.345717+00:00] main.INFO: Cron Job indexer_update_all_views is successfully finished. Statistics: {"sum":0.016910076141357,"count":1,"realmem":0,"emalloc":271976,"realmem_start":88604672,"emalloc_start":85577712} [] []
