[2023-12-27T08:42:24.811317+00:00] main.INFO: Broken reference: the 'tracking' element cannot be added as child to 'header', because the latter doesn't exist [] []
[2023-12-27T08:42:24.811912+00:00] main.INFO: Broken reference: the 'notification_area' element cannot be added as child to 'notifications', because the latter doesn't exist [] []
[2023-12-27T08:42:24.812263+00:00] main.INFO: Broken reference: the 'unread_system_messages' element cannot be added as child to 'notifications', because the latter doesn't exist [] []
[2023-12-27T08:42:24.812602+00:00] main.INFO: Broken reference: the 'notification_window' element cannot be added as child to 'notifications', because the latter doesn't exist [] []
[2023-12-27T08:42:24.812935+00:00] main.INFO: Broken reference: the 'notification.messages' element cannot be added as child to 'header', because the latter doesn't exist [] []
[2023-12-27T08:42:24.813314+00:00] main.INFO: Broken reference: the 'global_notices' element cannot be added as child to 'global.notices', because the latter doesn't exist [] []
[2023-12-27T08:42:24.813652+00:00] main.INFO: Broken reference: the 'logo' element cannot be added as child to 'header', because the latter doesn't exist [] []
[2023-12-27T08:42:24.813984+00:00] main.INFO: Broken reference: the 'global.search' element cannot be added as child to 'header', because the latter doesn't exist [] []
[2023-12-27T08:42:24.814314+00:00] main.INFO: Broken reference: the 'user' element cannot be added as child to 'header', because the latter doesn't exist [] []
[2023-12-27T08:42:24.814643+00:00] main.INFO: Broken reference: the 'menu' element cannot be added as child to 'page.menu', because the latter doesn't exist [] []
[2023-12-27T08:42:24.814971+00:00] main.INFO: Broken reference: the 'breadcrumbs' element cannot be added as child to 'page.breadcrumbs', because the latter doesn't exist [] []
[2023-12-27T08:42:24.815299+00:00] main.INFO: Broken reference: the 'formkey' element cannot be added as child to 'page.formkey', because the latter doesn't exist [] []
[2023-12-27T08:42:24.815627+00:00] main.INFO: Broken reference: the 'page.title' element cannot be added as child to 'main.top', because the latter doesn't exist [] []
[2023-12-27T08:42:24.815954+00:00] main.INFO: Broken reference: the 'messages' element cannot be added as child to 'page.messages', because the latter doesn't exist [] []
[2023-12-27T08:42:24.816281+00:00] main.INFO: Broken reference: the 'page.actions.toolbar' element cannot be added as child to 'page.main.actions', because the latter doesn't exist [] []
[2023-12-27T08:42:24.816610+00:00] main.INFO: Broken reference: the 'legal' element cannot be added as child to 'footer', because the latter doesn't exist [] []
[2023-12-27T08:42:24.817001+00:00] main.INFO: Broken reference: the 'header.inner.left' element cannot be added as child to 'header', because the latter doesn't exist [] []
[2023-12-27T08:42:24.817493+00:00] main.INFO: Broken reference: the 'header.inner.right' element cannot be added as child to 'header', because the latter doesn't exist [] []
[2023-12-27T08:42:24.817887+00:00] main.INFO: Broken reference: the 'user' tries to reorder itself towards '', but their parents are different: 'header' and '' respectively. [] []
[2023-12-27T08:42:24.818231+00:00] main.INFO: Broken reference: the 'notification.messages' tries to reorder itself towards 'user', but their parents are different: 'header' and '' respectively. [] []
[2023-12-27T08:42:24.818562+00:00] main.INFO: Broken reference: the 'logo' tries to reorder itself towards '', but their parents are different: 'header' and '' respectively. [] []
[2023-12-27T08:42:24.818890+00:00] main.INFO: Broken reference: the 'global.search' tries to reorder itself towards 'logo', but their parents are different: 'header' and '' respectively. [] []
[2023-12-27T08:42:24.819219+00:00] main.INFO: Broken reference: the 'page.actions.toolbar' tries to reorder itself towards '', but their parents are different: 'page.main.actions' and '' respectively. [] []
[2023-12-27T08:42:24.819564+00:00] main.INFO: Broken reference: the 'header.inner.left' tries to reorder itself towards '', but their parents are different: 'header' and '' respectively. [] []
[2023-12-27T08:42:24.819915+00:00] main.INFO: Broken reference: the 'header.inner.right' tries to reorder itself towards 'header.inner.left', but their parents are different: 'header' and '' respectively. [] []
[2023-12-27T08:42:24.820253+00:00] main.INFO: Broken reference: the 'notification.messages' tries to reorder itself towards 'user', but their parents are different: 'header.inner.right' and '' respectively. [] []
[2023-12-27T08:43:50.396453+00:00] main.DEBUG: cache_invalidate:  {"method":"POST","url":"http://localhost/OnlyApproved/index.php/admin/admin/index/index/key/a1abcff64d930d53a7471b5ee381c9f5bd2266044c17860533e97e345e92d5e5/","invalidateInfo":{"tags":["BACKEND_MAINMENU"],"mode":"matchingAnyTag"}} []
[2023-12-27T08:43:50.526161+00:00] main.DEBUG: cache_invalidate:  {"method":"POST","url":"http://localhost/OnlyApproved/index.php/admin/admin/index/index/key/a1abcff64d930d53a7471b5ee381c9f5bd2266044c17860533e97e345e92d5e5/","invalidateInfo":{"tags":["PB_EDITOR_CONFIG","CONFIG"],"mode":"matchingTag"}} []
[2023-12-27T08:43:50.557613+00:00] main.INFO: Item Magento_Backend::system_currency was removed [] []
[2023-12-27T08:43:50.568047+00:00] main.INFO: Add of item with id Magento_Config::system_config was processed [] []
[2023-12-27T08:43:50.568543+00:00] main.INFO: Add of item with id Magento_AdminNotification::system_adminnotification was processed [] []
[2023-12-27T08:43:50.568905+00:00] main.INFO: Add of item with id Magento_Theme::design_config was processed [] []
[2023-12-27T08:43:50.569255+00:00] main.INFO: Add of item with id Magento_Theme::system_design_theme was processed [] []
[2023-12-27T08:43:50.569588+00:00] main.INFO: Add of item with id Magento_Backend::system_design_schedule was processed [] []
[2023-12-27T08:43:50.569916+00:00] main.INFO: Add of item with id Magento_Backend::system_store was processed [] []
[2023-12-27T08:43:50.570241+00:00] main.INFO: Add of item with id Magento_Backend::dashboard was processed [] []
[2023-12-27T08:43:50.570566+00:00] main.INFO: Add of item with id Magento_Backend::system was processed [] []
[2023-12-27T08:43:50.570907+00:00] main.INFO: Add of item with id Magento_Backend::system_tools was processed [] []
[2023-12-27T08:43:50.571252+00:00] main.INFO: Add of item with id Magento_Backend::system_design was processed [] []
[2023-12-27T08:43:50.571578+00:00] main.INFO: Add of item with id Magento_Backend::system_convert was processed [] []
[2023-12-27T08:43:50.571920+00:00] main.INFO: Add of item with id Magento_Backend::system_cache was processed [] []
[2023-12-27T08:43:50.572246+00:00] main.INFO: Add of item with id Magento_Backend::marketing was processed [] []
[2023-12-27T08:43:50.572586+00:00] main.INFO: Add of item with id Magento_Backend::marketing_communications was processed [] []
[2023-12-27T08:43:50.572914+00:00] main.INFO: Add of item with id Magento_Backend::marketing_seo was processed [] []
[2023-12-27T08:43:50.573258+00:00] main.INFO: Add of item with id Magento_Backend::marketing_user_content was processed [] []
[2023-12-27T08:43:50.573586+00:00] main.INFO: Add of item with id Magento_Backend::content was processed [] []
[2023-12-27T08:43:50.573911+00:00] main.INFO: Add of item with id Magento_Backend::content_elements was processed [] []
[2023-12-27T08:43:50.574234+00:00] main.INFO: Add of item with id Magento_Backend::stores was processed [] []
[2023-12-27T08:43:50.574576+00:00] main.INFO: Add of item with id Magento_Backend::stores_settings was processed [] []
[2023-12-27T08:43:50.574902+00:00] main.INFO: Add of item with id Magento_Backend::stores_attributes was processed [] []
[2023-12-27T08:43:50.575225+00:00] main.INFO: Add of item with id Magento_Backend::other_settings was processed [] []
[2023-12-27T08:43:50.575548+00:00] main.INFO: Add of item with id Magento_Backend::system_other_settings was processed [] []
[2023-12-27T08:43:50.575870+00:00] main.INFO: Add of item with id Magento_User::system_acl was processed [] []
[2023-12-27T08:43:50.576223+00:00] main.INFO: Add of item with id Magento_User::system_acl_users was processed [] []
[2023-12-27T08:43:50.576550+00:00] main.INFO: Add of item with id Magento_User::system_acl_roles was processed [] []
[2023-12-27T08:43:50.576872+00:00] main.INFO: Add of item with id Magento_User::system_acl_locks was processed [] []
[2023-12-27T08:43:50.577216+00:00] main.INFO: Add of item with id Magento_Customer::customer was processed [] []
[2023-12-27T08:43:50.577562+00:00] main.INFO: Add of item with id Magento_Customer::customer_manage was processed [] []
[2023-12-27T08:43:50.577898+00:00] main.INFO: Add of item with id Magento_Customer::customer_online was processed [] []
[2023-12-27T08:43:50.578246+00:00] main.INFO: Add of item with id Magento_Customer::customer_group was processed [] []
[2023-12-27T08:43:50.578642+00:00] main.INFO: Add of item with id Magento_Backup::system_tools_backup was processed [] []
[2023-12-27T08:43:50.579150+00:00] main.INFO: Add of item with id Magento_Indexer::system_index was processed [] []
[2023-12-27T08:43:50.579729+00:00] main.INFO: Add of item with id Magento_Variable::system_variable was processed [] []
[2023-12-27T08:43:50.580240+00:00] main.INFO: Add of item with id Magento_Cms::cms_page was processed [] []
[2023-12-27T08:43:50.580577+00:00] main.INFO: Add of item with id Magento_Cms::cms_block was processed [] []
[2023-12-27T08:43:50.580925+00:00] main.INFO: Add of item with id Magento_Search::search_terms was processed [] []
[2023-12-27T08:43:50.581283+00:00] main.INFO: Add of item with id Magento_Search::search_synonyms was processed [] []
[2023-12-27T08:43:50.581615+00:00] main.INFO: Add of item with id Magento_Catalog::catalog was processed [] []
[2023-12-27T08:43:50.581961+00:00] main.INFO: Add of item with id Magento_Catalog::catalog_products was processed [] []
[2023-12-27T08:43:50.582290+00:00] main.INFO: Add of item with id Magento_Catalog::catalog_categories was processed [] []
[2023-12-27T08:43:50.582634+00:00] main.INFO: Add of item with id Magento_Catalog::catalog_attributes_attributes was processed [] []
[2023-12-27T08:43:50.582964+00:00] main.INFO: Add of item with id Magento_Catalog::catalog_attributes_sets was processed [] []
[2023-12-27T08:43:50.583306+00:00] main.INFO: Add of item with id Magento_Catalog::inventory was processed [] []
[2023-12-27T08:43:50.583636+00:00] main.INFO: Add of item with id Magento_CatalogRule::promo was processed [] []
[2023-12-27T08:43:50.583977+00:00] main.INFO: Add of item with id Magento_CatalogRule::promo_catalog was processed [] []
[2023-12-27T08:43:50.584305+00:00] main.INFO: Add of item with id Magento_MediaGalleryUi::media was processed [] []
[2023-12-27T08:43:50.584647+00:00] main.INFO: Add of item with id Magento_MediaGalleryUi::media_gallery was processed [] []
[2023-12-27T08:43:50.584974+00:00] main.INFO: Add of item with id Magento_Integration::system_extensions was processed [] []
[2023-12-27T08:43:50.585378+00:00] main.INFO: Add of item with id Magento_Integration::system_integrations was processed [] []
[2023-12-27T08:43:50.585772+00:00] main.INFO: Add of item with id Magento_Sales::sales was processed [] []
[2023-12-27T08:43:50.586118+00:00] main.INFO: Add of item with id Magento_Sales::sales_operation was processed [] []
[2023-12-27T08:43:50.586589+00:00] main.INFO: Add of item with id Magento_Sales::sales_order was processed [] []
[2023-12-27T08:43:50.586923+00:00] main.INFO: Add of item with id Magento_Sales::sales_invoice was processed [] []
[2023-12-27T08:43:50.587273+00:00] main.INFO: Add of item with id Magento_Sales::sales_shipment was processed [] []
[2023-12-27T08:43:50.587599+00:00] main.INFO: Add of item with id Magento_Sales::sales_creditmemo was processed [] []
[2023-12-27T08:43:50.587921+00:00] main.INFO: Add of item with id Magento_Sales::sales_transactions was processed [] []
[2023-12-27T08:43:50.588244+00:00] main.INFO: Add of item with id Magento_Sales::system_order_statuses was processed [] []
[2023-12-27T08:43:50.588582+00:00] main.INFO: Add of item with id Magento_Widget::cms_widget_instance was processed [] []
[2023-12-27T08:43:50.588934+00:00] main.INFO: Add of item with id Magento_Analytics::business_intelligence was processed [] []
[2023-12-27T08:43:50.589299+00:00] main.INFO: Add of item with id Magento_Analytics::advanced_reporting was processed [] []
[2023-12-27T08:43:50.589642+00:00] main.INFO: Add of item with id Magento_Analytics::bi_essentials was processed [] []
[2023-12-27T08:43:50.589986+00:00] main.INFO: Add of item with id Magento_Downloadable::report_products_downloads was processed [] []
[2023-12-27T08:43:50.590621+00:00] main.INFO: Add of item with id Magento_ImportExport::system_convert_import was processed [] []
[2023-12-27T08:43:50.591257+00:00] main.INFO: Add of item with id Magento_ImportExport::system_convert_export was processed [] []
[2023-12-27T08:43:50.591610+00:00] main.INFO: Add of item with id Magento_ImportExport::system_convert_history was processed [] []
[2023-12-27T08:43:50.591972+00:00] main.INFO: Add of item with id Magento_Email::template was processed [] []
[2023-12-27T08:43:50.592302+00:00] main.INFO: Add of item with id Magento_EncryptionKey::system_crypt_key was processed [] []
[2023-12-27T08:43:50.592629+00:00] main.INFO: Add of item with id Magento_InventoryAdminUi::inventory was processed [] []
[2023-12-27T08:43:50.592972+00:00] main.INFO: Add of item with id Magento_InventoryAdminUi::source was processed [] []
[2023-12-27T08:43:50.593337+00:00] main.INFO: Add of item with id Magento_InventoryAdminUi::stock was processed [] []
[2023-12-27T08:43:50.593722+00:00] main.INFO: Add of item with id Magento_Reports::report was processed [] []
[2023-12-27T08:43:50.594067+00:00] main.INFO: Add of item with id Magento_Reports::report_marketing was processed [] []
[2023-12-27T08:43:50.594392+00:00] main.INFO: Add of item with id Magento_Reports::report_salesroot was processed [] []
[2023-12-27T08:43:50.594737+00:00] main.INFO: Add of item with id Magento_Reports::report_salesroot_sales was processed [] []
[2023-12-27T08:43:50.595065+00:00] main.INFO: Add of item with id Magento_Reports::report_salesroot_tax was processed [] []
[2023-12-27T08:43:50.595401+00:00] main.INFO: Add of item with id Magento_Reports::report_salesroot_invoiced was processed [] []
[2023-12-27T08:43:50.595725+00:00] main.INFO: Add of item with id Magento_Reports::report_salesroot_shipping was processed [] []
[2023-12-27T08:43:50.596049+00:00] main.INFO: Add of item with id Magento_Reports::report_salesroot_refunded was processed [] []
[2023-12-27T08:43:50.596371+00:00] main.INFO: Add of item with id Magento_Reports::report_salesroot_coupons was processed [] []
[2023-12-27T08:43:50.596713+00:00] main.INFO: Add of item with id Magento_Reports::report_shopcart_product was processed [] []
[2023-12-27T08:43:50.597041+00:00] main.INFO: Add of item with id Magento_Reports::report_shopcart_abandoned was processed [] []
[2023-12-27T08:43:50.597382+00:00] main.INFO: Add of item with id Magento_Reports::report_products was processed [] []
[2023-12-27T08:43:50.597707+00:00] main.INFO: Add of item with id Magento_Reports::report_products_bestsellers was processed [] []
[2023-12-27T08:43:50.598030+00:00] main.INFO: Add of item with id Magento_Reports::report_products_sold was processed [] []
[2023-12-27T08:43:50.598355+00:00] main.INFO: Add of item with id Magento_Reports::report_products_viewed was processed [] []
[2023-12-27T08:43:50.598678+00:00] main.INFO: Add of item with id Magento_Reports::report_products_lowstock was processed [] []
[2023-12-27T08:43:50.599001+00:00] main.INFO: Add of item with id Magento_Reports::report_customers was processed [] []
[2023-12-27T08:43:50.599343+00:00] main.INFO: Add of item with id Magento_Reports::report_customers_accounts was processed [] []
[2023-12-27T08:43:50.599678+00:00] main.INFO: Add of item with id Magento_Reports::report_customers_totals was processed [] []
[2023-12-27T08:43:50.600169+00:00] main.INFO: Add of item with id Magento_Reports::report_customers_orders was processed [] []
[2023-12-27T08:43:50.600667+00:00] main.INFO: Add of item with id Magento_Reports::report_statistics was processed [] []
[2023-12-27T08:43:50.601051+00:00] main.INFO: Add of item with id Magento_Reports::report_statistics_refresh was processed [] []
[2023-12-27T08:43:50.601405+00:00] main.INFO: Add of item with id Magento_Search::report_search_term was processed [] []
[2023-12-27T08:43:50.601733+00:00] main.INFO: Add of item with id Magento_LoginAsCustomerLog::login_log was processed [] []
[2023-12-27T08:43:50.602057+00:00] main.INFO: Add of item with id Magento_Marketplace::partners was processed [] []
[2023-12-27T08:43:50.602381+00:00] main.INFO: Add of item with id Magento_Newsletter::newsletter_template was processed [] []
[2023-12-27T08:43:50.602713+00:00] main.INFO: Add of item with id Magento_Newsletter::newsletter_queue was processed [] []
[2023-12-27T08:43:50.603037+00:00] main.INFO: Add of item with id Magento_Newsletter::newsletter_subscriber was processed [] []
[2023-12-27T08:43:50.603360+00:00] main.INFO: Add of item with id Magento_Newsletter::newsletter_problem was processed [] []
[2023-12-27T08:43:50.603682+00:00] main.INFO: Add of item with id Magento_SalesRule::promo_quote was processed [] []
[2023-12-27T08:43:50.604007+00:00] main.INFO: Add of item with id Magento_Sitemap::catalog_sitemap was processed [] []
[2023-12-27T08:43:50.604375+00:00] main.INFO: Add of item with id Magento_PageBuilder::templates was processed [] []
[2023-12-27T08:43:50.604774+00:00] main.INFO: Add of item with id Magento_Paypal::report_salesroot_paypal_settlement_reports was processed [] []
[2023-12-27T08:43:50.605115+00:00] main.INFO: Add of item with id Magento_Paypal::paypal_billing_agreement was processed [] []
[2023-12-27T08:43:50.605459+00:00] main.INFO: Add of item with id Magento_CheckoutAgreements::sales_checkoutagreement was processed [] []
[2023-12-27T08:43:50.605786+00:00] main.INFO: Add of item with id Magento_Review::catalog_reviews_ratings_ratings was processed [] []
[2023-12-27T08:43:50.606136+00:00] main.INFO: Add of item with id Magento_Review::catalog_reviews_ratings_pending was processed [] []
[2023-12-27T08:43:50.606463+00:00] main.INFO: Add of item with id Magento_Review::catalog_reviews_ratings_reviews_all was processed [] []
[2023-12-27T08:43:50.606803+00:00] main.INFO: Add of item with id Magento_Review::report_review was processed [] []
[2023-12-27T08:43:50.607146+00:00] main.INFO: Add of item with id Magento_Review::report_review_customer was processed [] []
[2023-12-27T08:43:50.607474+00:00] main.INFO: Add of item with id Magento_Review::report_review_product was processed [] []
[2023-12-27T08:43:50.607797+00:00] main.INFO: Add of item with id Magento_UrlRewrite::urlrewrite was processed [] []
[2023-12-27T08:43:50.608121+00:00] main.INFO: Add of item with id Magento_Tax::sales_tax was processed [] []
[2023-12-27T08:43:50.608462+00:00] main.INFO: Add of item with id Magento_Tax::sales_tax_rules was processed [] []
[2023-12-27T08:43:50.608788+00:00] main.INFO: Add of item with id Magento_Tax::sales_tax_rates was processed [] []
[2023-12-27T08:43:50.609126+00:00] main.INFO: Add of item with id Magento_TaxImportExport::system_convert_tax was processed [] []
[2023-12-27T08:43:50.609469+00:00] main.INFO: Add of item with id Magento_AsynchronousOperations::system_magento_logging was processed [] []
[2023-12-27T08:43:50.609813+00:00] main.INFO: Add of item with id Magento_AsynchronousOperations::system_magento_logging_bulk_operations was processed [] []
[2023-12-27T08:43:50.610140+00:00] main.INFO: Add of item with id Magento_CurrencySymbol::system_currency was processed [] []
[2023-12-27T08:43:50.610481+00:00] main.INFO: Add of item with id Magento_CurrencySymbol::system_currency_rates was processed [] []
[2023-12-27T08:43:50.610807+00:00] main.INFO: Add of item with id Magento_CurrencySymbol::system_currency_symbols was processed [] []
[2023-12-27T08:43:50.611131+00:00] main.INFO: Add of item with id PayPal_Braintree::settlement_report was processed [] []
[2023-12-27T08:43:50.611454+00:00] main.INFO: Add of item with id PayPal_Braintree::virtual_terminal was processed [] []
[2023-12-27T08:43:52.335834+00:00] main.INFO: Broken reference: the 'notification.messages' tries to reorder itself towards 'user', but their parents are different: 'header.inner.right' and 'header' respectively. [] []
[2023-12-27T08:44:12.843474+00:00] main.INFO: Broken reference: the 'notification.messages' tries to reorder itself towards 'user', but their parents are different: 'header.inner.right' and 'header' respectively. [] []
[2023-12-27T08:44:30.802510+00:00] main.INFO: Broken reference: the 'catalog.compare.sidebar' element cannot be added as child to 'sidebar.additional', because the latter doesn't exist [] []
[2023-12-27T08:44:30.803069+00:00] main.INFO: Broken reference: the 'sale.reorder.sidebar' element cannot be added as child to 'sidebar.additional', because the latter doesn't exist [] []
[2023-12-27T08:44:30.803548+00:00] main.INFO: Broken reference: the 'wishlist_sidebar' element cannot be added as child to 'sidebar.additional', because the latter doesn't exist [] []
[2023-12-27T08:44:30.803921+00:00] main.INFO: Broken reference: the 'paypal.partner.right.logo' element cannot be added as child to 'sidebar.additional', because the latter doesn't exist [] []
[2023-12-27T08:44:30.804292+00:00] main.INFO: Broken reference: the 'bml.right.logo' element cannot be added as child to 'sidebar.additional', because the latter doesn't exist [] []
[2023-12-27T08:44:30.804635+00:00] main.INFO: Broken reference: the 'sidebar.container.paylater' element cannot be added as child to 'sidebar.additional', because the latter doesn't exist [] []
[2023-12-27T08:44:45.452006+00:00] main.INFO: Broken reference: the 'notification.messages' tries to reorder itself towards 'user', but their parents are different: 'header.inner.right' and 'header' respectively. [] []
