[2024-01-08T13:19:03.524196+00:00] main.CRITICAL: InvalidArgumentException: Required parameter 'theme_dir' was not passed in /var/www/html/OnlyApproved/vendor/magento/framework/View/Design/Fallback/Rule/Simple.php:59
Stack trace:
#0 /var/www/html/OnlyApproved/vendor/magento/framework/View/Design/Fallback/Rule/Theme.php(78): Magento\Framework\View\Design\Fallback\Rule\Simple->getPatternDirs()
#1 /var/www/html/OnlyApproved/vendor/magento/framework/View/Design/Fallback/Rule/ModularSwitch.php(52): Magento\Framework\View\Design\Fallback\Rule\Theme->getPatternDirs()
#2 /var/www/html/OnlyApproved/vendor/magento/framework/View/Design/FileResolution/Fallback/Resolver/Simple.php(118): Magento\Framework\View\Design\Fallback\Rule\ModularSwitch->getPatternDirs()
#3 /var/www/html/OnlyApproved/vendor/magento/framework/View/Design/FileResolution/Fallback/Resolver/Simple.php(61): Magento\Framework\View\Design\FileResolution\Fallback\Resolver\Simple->resolveFile()
#4 /var/www/html/OnlyApproved/vendor/magento/framework/Config/FileResolver.php(140): Magento\Framework\View\Design\FileResolution\Fallback\Resolver\Simple->resolve()
#5 /var/www/html/OnlyApproved/vendor/magento/framework/Config/View.php(212): Magento\Framework\Config\FileResolver->getParents()
#6 /var/www/html/OnlyApproved/vendor/magento/framework/Config/View.php(198): Magento\Framework\Config\View->read()
#7 /var/www/html/OnlyApproved/vendor/magento/framework/Config/View.php(87): Magento\Framework\Config\View->initData()
#8 /var/www/html/OnlyApproved/vendor/magento/module-catalog/Model/Product/Image/ParamsBuilder.php(174): Magento\Framework\Config\View->getVarValue()
#9 /var/www/html/OnlyApproved/vendor/magento/module-catalog/Model/Product/Image/ParamsBuilder.php(98): Magento\Catalog\Model\Product\Image\ParamsBuilder->hasDefaultFrame()
#10 /var/www/html/OnlyApproved/vendor/magento/module-catalog/Model/Product/Image/ParamsBuilder.php(84): Magento\Catalog\Model\Product\Image\ParamsBuilder->overwriteDefaultValues()
#11 /var/www/html/OnlyApproved/vendor/magento/module-media-storage/Service/ImageResize.php(274): Magento\Catalog\Model\Product\Image\ParamsBuilder->build()
#12 /var/www/html/OnlyApproved/vendor/magento/module-media-storage/Service/ImageResize.php(165): Magento\MediaStorage\Service\ImageResize->getViewImages()
#13 /var/www/html/OnlyApproved/vendor/magento/module-catalog/Observer/ImageResizeAfterProductSave.php(116): Magento\MediaStorage\Service\ImageResize->resizeFromImageName()
#14 /var/www/html/OnlyApproved/vendor/magento/module-catalog/Observer/ImageResizeAfterProductSave.php(101): Magento\Catalog\Observer\ImageResizeAfterProductSave->resizeImage()
#15 /var/www/html/OnlyApproved/vendor/magento/framework/Event/Invoker/InvokerDefault.php(88): Magento\Catalog\Observer\ImageResizeAfterProductSave->execute()
#16 /var/www/html/OnlyApproved/vendor/magento/framework/Event/Invoker/InvokerDefault.php(74): Magento\Framework\Event\Invoker\InvokerDefault->_callObserverMethod()
#17 /var/www/html/OnlyApproved/vendor/magento/framework/Event/Manager.php(65): Magento\Framework\Event\Invoker\InvokerDefault->dispatch()
#18 /var/www/html/OnlyApproved/generated/code/Magento/Framework/Event/Manager/Proxy.php(95): Magento\Framework\Event\Manager->dispatch()
#19 /var/www/html/OnlyApproved/vendor/magento/framework/Model/AbstractModel.php(675): Magento\Framework\Event\Manager\Proxy->dispatch()
#20 /var/www/html/OnlyApproved/generated/code/Magento/Catalog/Model/Product/Interceptor.php(1715): Magento\Framework\Model\AbstractModel->afterCommitCallback()
#21 [internal function]: Magento\Catalog\Model\Product\Interceptor->afterCommitCallback()
#22 /var/www/html/OnlyApproved/vendor/magento/framework/Model/ExecuteCommitCallbacks.php(44): call_user_func()
#23 /var/www/html/OnlyApproved/vendor/magento/framework/Interception/Interceptor.php(146): Magento\Framework\Model\ExecuteCommitCallbacks->afterCommit()
#24 /var/www/html/OnlyApproved/vendor/magento/framework/Interception/Interceptor.php(153): Magento\Framework\DB\Adapter\Pdo\Mysql\Interceptor->Magento\Framework\Interception\{closure}()
#25 /var/www/html/OnlyApproved/generated/code/Magento/Framework/DB/Adapter/Pdo/Mysql/Interceptor.php(32): Magento\Framework\DB\Adapter\Pdo\Mysql\Interceptor->___callPlugins()
#26 /var/www/html/OnlyApproved/vendor/magento/framework/Model/ResourceModel/AbstractResource.php(90): Magento\Framework\DB\Adapter\Pdo\Mysql\Interceptor->commit()
#27 /var/www/html/OnlyApproved/generated/code/Magento/Catalog/Model/ResourceModel/Product/Interceptor.php(545): Magento\Framework\Model\ResourceModel\AbstractResource->commit()
#28 /var/www/html/OnlyApproved/vendor/magento/module-catalog-search/Model/Indexer/Fulltext/Plugin/Product.php(62): Magento\Catalog\Model\ResourceModel\Product\Interceptor->commit()
#29 /var/www/html/OnlyApproved/vendor/magento/module-catalog-search/Model/Indexer/Fulltext/Plugin/Product.php(28): Magento\CatalogSearch\Model\Indexer\Fulltext\Plugin\Product->addCommitCallback()
#30 /var/www/html/OnlyApproved/vendor/magento/framework/Interception/Interceptor.php(135): Magento\CatalogSearch\Model\Indexer\Fulltext\Plugin\Product->aroundSave()
#31 /var/www/html/OnlyApproved/vendor/magento/framework/Interception/Interceptor.php(153): Magento\Catalog\Model\ResourceModel\Product\Interceptor->Magento\Framework\Interception\{closure}()
#32 /var/www/html/OnlyApproved/generated/code/Magento/Catalog/Model/ResourceModel/Product/Interceptor.php(194): Magento\Catalog\Model\ResourceModel\Product\Interceptor->___callPlugins()
#33 /var/www/html/OnlyApproved/vendor/magento/framework/Model/AbstractModel.php(663): Magento\Catalog\Model\ResourceModel\Product\Interceptor->save()
#34 /var/www/html/OnlyApproved/generated/code/Magento/Catalog/Model/Product/Interceptor.php(1706): Magento\Framework\Model\AbstractModel->save()
#35 /var/www/html/OnlyApproved/vendor/magento/module-catalog/Controller/Adminhtml/Product/Save.php(143): Magento\Catalog\Model\Product\Interceptor->save()
#36 /var/www/html/OnlyApproved/vendor/magento/framework/Interception/Interceptor.php(58): Magento\Catalog\Controller\Adminhtml\Product\Save->execute()
#37 /var/www/html/OnlyApproved/vendor/magento/framework/Interception/Interceptor.php(138): Magento\Catalog\Controller\Adminhtml\Product\Save\Interceptor->___callParent()
#38 /var/www/html/OnlyApproved/vendor/magento/framework/Interception/Interceptor.php(153): Magento\Catalog\Controller\Adminhtml\Product\Save\Interceptor->Magento\Framework\Interception\{closure}()
#39 /var/www/html/OnlyApproved/generated/code/Magento/Catalog/Controller/Adminhtml/Product/Save/Interceptor.php(23): Magento\Catalog\Controller\Adminhtml\Product\Save\Interceptor->___callPlugins()
#40 /var/www/html/OnlyApproved/vendor/magento/framework/App/Action/Action.php(111): Magento\Catalog\Controller\Adminhtml\Product\Save\Interceptor->execute()
#41 /var/www/html/OnlyApproved/vendor/magento/module-backend/App/AbstractAction.php(151): Magento\Framework\App\Action\Action->dispatch()
#42 /var/www/html/OnlyApproved/vendor/magento/framework/Interception/Interceptor.php(58): Magento\Backend\App\AbstractAction->dispatch()
#43 /var/www/html/OnlyApproved/vendor/magento/framework/Interception/Interceptor.php(138): Magento\Catalog\Controller\Adminhtml\Product\Save\Interceptor->___callParent()
#44 /var/www/html/OnlyApproved/vendor/magento/module-backend/App/Action/Plugin/Authentication.php(145): Magento\Catalog\Controller\Adminhtml\Product\Save\Interceptor->Magento\Framework\Interception\{closure}()
#45 /var/www/html/OnlyApproved/vendor/magento/framework/Interception/Interceptor.php(135): Magento\Backend\App\Action\Plugin\Authentication->aroundDispatch()
#46 /var/www/html/OnlyApproved/vendor/magento/framework/Interception/Interceptor.php(153): Magento\Catalog\Controller\Adminhtml\Product\Save\Interceptor->Magento\Framework\Interception\{closure}()
#47 /var/www/html/OnlyApproved/generated/code/Magento/Catalog/Controller/Adminhtml/Product/Save/Interceptor.php(32): Magento\Catalog\Controller\Adminhtml\Product\Save\Interceptor->___callPlugins()
#48 /var/www/html/OnlyApproved/vendor/magento/framework/App/FrontController.php(245): Magento\Catalog\Controller\Adminhtml\Product\Save\Interceptor->dispatch()
#49 /var/www/html/OnlyApproved/vendor/magento/framework/App/FrontController.php(212): Magento\Framework\App\FrontController->getActionResponse()
#50 /var/www/html/OnlyApproved/vendor/magento/framework/App/FrontController.php(146): Magento\Framework\App\FrontController->processRequest()
#51 /var/www/html/OnlyApproved/vendor/magento/framework/Interception/Interceptor.php(58): Magento\Framework\App\FrontController->dispatch()
#52 /var/www/html/OnlyApproved/vendor/magento/framework/Interception/Interceptor.php(138): Magento\Framework\App\FrontController\Interceptor->___callParent()
#53 /var/www/html/OnlyApproved/vendor/magento/framework/Interception/Interceptor.php(153): Magento\Framework\App\FrontController\Interceptor->Magento\Framework\Interception\{closure}()
#54 /var/www/html/OnlyApproved/generated/code/Magento/Framework/App/FrontController/Interceptor.php(23): Magento\Framework\App\FrontController\Interceptor->___callPlugins()
#55 /var/www/html/OnlyApproved/vendor/magento/framework/App/Http.php(116): Magento\Framework\App\FrontController\Interceptor->dispatch()
#56 /var/www/html/OnlyApproved/generated/code/Magento/Framework/App/Http/Interceptor.php(23): Magento\Framework\App\Http->launch()
#57 /var/www/html/OnlyApproved/vendor/magento/framework/App/Bootstrap.php(264): Magento\Framework\App\Http\Interceptor->launch()
#58 /var/www/html/OnlyApproved/index.php(30): Magento\Framework\App\Bootstrap->run()
#59 {main} {"exception":"[object] (InvalidArgumentException(code: 0): Required parameter 'theme_dir' was not passed at /var/www/html/OnlyApproved/vendor/magento/framework/View/Design/Fallback/Rule/Simple.php:59)"} []
[2024-01-08T13:19:41.514923+00:00] main.CRITICAL: InvalidArgumentException: Required parameter 'theme_dir' was not passed in /var/www/html/OnlyApproved/vendor/magento/framework/View/Design/Fallback/Rule/Simple.php:59
Stack trace:
#0 /var/www/html/OnlyApproved/vendor/magento/framework/View/Design/Fallback/Rule/Theme.php(78): Magento\Framework\View\Design\Fallback\Rule\Simple->getPatternDirs()
#1 /var/www/html/OnlyApproved/vendor/magento/framework/View/Design/Fallback/Rule/ModularSwitch.php(52): Magento\Framework\View\Design\Fallback\Rule\Theme->getPatternDirs()
#2 /var/www/html/OnlyApproved/vendor/magento/framework/View/Design/FileResolution/Fallback/Resolver/Simple.php(118): Magento\Framework\View\Design\Fallback\Rule\ModularSwitch->getPatternDirs()
#3 /var/www/html/OnlyApproved/vendor/magento/framework/View/Design/FileResolution/Fallback/Resolver/Simple.php(61): Magento\Framework\View\Design\FileResolution\Fallback\Resolver\Simple->resolveFile()
#4 /var/www/html/OnlyApproved/vendor/magento/framework/Config/FileResolver.php(140): Magento\Framework\View\Design\FileResolution\Fallback\Resolver\Simple->resolve()
#5 /var/www/html/OnlyApproved/vendor/magento/framework/Config/View.php(212): Magento\Framework\Config\FileResolver->getParents()
#6 /var/www/html/OnlyApproved/vendor/magento/framework/Config/View.php(198): Magento\Framework\Config\View->read()
#7 /var/www/html/OnlyApproved/vendor/magento/framework/Config/View.php(87): Magento\Framework\Config\View->initData()
#8 /var/www/html/OnlyApproved/vendor/magento/module-catalog/Model/Product/Image/ParamsBuilder.php(174): Magento\Framework\Config\View->getVarValue()
#9 /var/www/html/OnlyApproved/vendor/magento/module-catalog/Model/Product/Image/ParamsBuilder.php(98): Magento\Catalog\Model\Product\Image\ParamsBuilder->hasDefaultFrame()
#10 /var/www/html/OnlyApproved/vendor/magento/module-catalog/Model/Product/Image/ParamsBuilder.php(84): Magento\Catalog\Model\Product\Image\ParamsBuilder->overwriteDefaultValues()
#11 /var/www/html/OnlyApproved/vendor/magento/module-media-storage/Service/ImageResize.php(274): Magento\Catalog\Model\Product\Image\ParamsBuilder->build()
#12 /var/www/html/OnlyApproved/vendor/magento/module-media-storage/Service/ImageResize.php(165): Magento\MediaStorage\Service\ImageResize->getViewImages()
#13 /var/www/html/OnlyApproved/vendor/magento/module-catalog/Observer/ImageResizeAfterProductSave.php(116): Magento\MediaStorage\Service\ImageResize->resizeFromImageName()
#14 /var/www/html/OnlyApproved/vendor/magento/module-catalog/Observer/ImageResizeAfterProductSave.php(101): Magento\Catalog\Observer\ImageResizeAfterProductSave->resizeImage()
#15 /var/www/html/OnlyApproved/vendor/magento/framework/Event/Invoker/InvokerDefault.php(88): Magento\Catalog\Observer\ImageResizeAfterProductSave->execute()
#16 /var/www/html/OnlyApproved/vendor/magento/framework/Event/Invoker/InvokerDefault.php(74): Magento\Framework\Event\Invoker\InvokerDefault->_callObserverMethod()
#17 /var/www/html/OnlyApproved/vendor/magento/framework/Event/Manager.php(65): Magento\Framework\Event\Invoker\InvokerDefault->dispatch()
#18 /var/www/html/OnlyApproved/generated/code/Magento/Framework/Event/Manager/Proxy.php(95): Magento\Framework\Event\Manager->dispatch()
#19 /var/www/html/OnlyApproved/vendor/magento/framework/Model/AbstractModel.php(675): Magento\Framework\Event\Manager\Proxy->dispatch()
#20 /var/www/html/OnlyApproved/generated/code/Magento/Catalog/Model/Product/Interceptor.php(1715): Magento\Framework\Model\AbstractModel->afterCommitCallback()
#21 [internal function]: Magento\Catalog\Model\Product\Interceptor->afterCommitCallback()
#22 /var/www/html/OnlyApproved/vendor/magento/framework/Model/ExecuteCommitCallbacks.php(44): call_user_func()
#23 /var/www/html/OnlyApproved/vendor/magento/framework/Interception/Interceptor.php(146): Magento\Framework\Model\ExecuteCommitCallbacks->afterCommit()
#24 /var/www/html/OnlyApproved/vendor/magento/framework/Interception/Interceptor.php(153): Magento\Framework\DB\Adapter\Pdo\Mysql\Interceptor->Magento\Framework\Interception\{closure}()
#25 /var/www/html/OnlyApproved/generated/code/Magento/Framework/DB/Adapter/Pdo/Mysql/Interceptor.php(32): Magento\Framework\DB\Adapter\Pdo\Mysql\Interceptor->___callPlugins()
#26 /var/www/html/OnlyApproved/vendor/magento/framework/Model/ResourceModel/AbstractResource.php(90): Magento\Framework\DB\Adapter\Pdo\Mysql\Interceptor->commit()
#27 /var/www/html/OnlyApproved/generated/code/Magento/Catalog/Model/ResourceModel/Product/Interceptor.php(545): Magento\Framework\Model\ResourceModel\AbstractResource->commit()
#28 /var/www/html/OnlyApproved/vendor/magento/module-catalog-search/Model/Indexer/Fulltext/Plugin/Product.php(62): Magento\Catalog\Model\ResourceModel\Product\Interceptor->commit()
#29 /var/www/html/OnlyApproved/vendor/magento/module-catalog-search/Model/Indexer/Fulltext/Plugin/Product.php(28): Magento\CatalogSearch\Model\Indexer\Fulltext\Plugin\Product->addCommitCallback()
#30 /var/www/html/OnlyApproved/vendor/magento/framework/Interception/Interceptor.php(135): Magento\CatalogSearch\Model\Indexer\Fulltext\Plugin\Product->aroundSave()
#31 /var/www/html/OnlyApproved/vendor/magento/framework/Interception/Interceptor.php(153): Magento\Catalog\Model\ResourceModel\Product\Interceptor->Magento\Framework\Interception\{closure}()
#32 /var/www/html/OnlyApproved/generated/code/Magento/Catalog/Model/ResourceModel/Product/Interceptor.php(194): Magento\Catalog\Model\ResourceModel\Product\Interceptor->___callPlugins()
#33 /var/www/html/OnlyApproved/vendor/magento/framework/Model/AbstractModel.php(663): Magento\Catalog\Model\ResourceModel\Product\Interceptor->save()
#34 /var/www/html/OnlyApproved/generated/code/Magento/Catalog/Model/Product/Interceptor.php(1706): Magento\Framework\Model\AbstractModel->save()
#35 /var/www/html/OnlyApproved/vendor/magento/module-catalog/Controller/Adminhtml/Product/Save.php(143): Magento\Catalog\Model\Product\Interceptor->save()
#36 /var/www/html/OnlyApproved/vendor/magento/framework/Interception/Interceptor.php(58): Magento\Catalog\Controller\Adminhtml\Product\Save->execute()
#37 /var/www/html/OnlyApproved/vendor/magento/framework/Interception/Interceptor.php(138): Magento\Catalog\Controller\Adminhtml\Product\Save\Interceptor->___callParent()
#38 /var/www/html/OnlyApproved/vendor/magento/framework/Interception/Interceptor.php(153): Magento\Catalog\Controller\Adminhtml\Product\Save\Interceptor->Magento\Framework\Interception\{closure}()
#39 /var/www/html/OnlyApproved/generated/code/Magento/Catalog/Controller/Adminhtml/Product/Save/Interceptor.php(23): Magento\Catalog\Controller\Adminhtml\Product\Save\Interceptor->___callPlugins()
#40 /var/www/html/OnlyApproved/vendor/magento/framework/App/Action/Action.php(111): Magento\Catalog\Controller\Adminhtml\Product\Save\Interceptor->execute()
#41 /var/www/html/OnlyApproved/vendor/magento/module-backend/App/AbstractAction.php(151): Magento\Framework\App\Action\Action->dispatch()
#42 /var/www/html/OnlyApproved/vendor/magento/framework/Interception/Interceptor.php(58): Magento\Backend\App\AbstractAction->dispatch()
#43 /var/www/html/OnlyApproved/vendor/magento/framework/Interception/Interceptor.php(138): Magento\Catalog\Controller\Adminhtml\Product\Save\Interceptor->___callParent()
#44 /var/www/html/OnlyApproved/vendor/magento/module-backend/App/Action/Plugin/Authentication.php(145): Magento\Catalog\Controller\Adminhtml\Product\Save\Interceptor->Magento\Framework\Interception\{closure}()
#45 /var/www/html/OnlyApproved/vendor/magento/framework/Interception/Interceptor.php(135): Magento\Backend\App\Action\Plugin\Authentication->aroundDispatch()
#46 /var/www/html/OnlyApproved/vendor/magento/framework/Interception/Interceptor.php(153): Magento\Catalog\Controller\Adminhtml\Product\Save\Interceptor->Magento\Framework\Interception\{closure}()
#47 /var/www/html/OnlyApproved/generated/code/Magento/Catalog/Controller/Adminhtml/Product/Save/Interceptor.php(32): Magento\Catalog\Controller\Adminhtml\Product\Save\Interceptor->___callPlugins()
#48 /var/www/html/OnlyApproved/vendor/magento/framework/App/FrontController.php(245): Magento\Catalog\Controller\Adminhtml\Product\Save\Interceptor->dispatch()
#49 /var/www/html/OnlyApproved/vendor/magento/framework/App/FrontController.php(212): Magento\Framework\App\FrontController->getActionResponse()
#50 /var/www/html/OnlyApproved/vendor/magento/framework/App/FrontController.php(146): Magento\Framework\App\FrontController->processRequest()
#51 /var/www/html/OnlyApproved/vendor/magento/framework/Interception/Interceptor.php(58): Magento\Framework\App\FrontController->dispatch()
#52 /var/www/html/OnlyApproved/vendor/magento/framework/Interception/Interceptor.php(138): Magento\Framework\App\FrontController\Interceptor->___callParent()
#53 /var/www/html/OnlyApproved/vendor/magento/framework/Interception/Interceptor.php(153): Magento\Framework\App\FrontController\Interceptor->Magento\Framework\Interception\{closure}()
#54 /var/www/html/OnlyApproved/generated/code/Magento/Framework/App/FrontController/Interceptor.php(23): Magento\Framework\App\FrontController\Interceptor->___callPlugins()
#55 /var/www/html/OnlyApproved/vendor/magento/framework/App/Http.php(116): Magento\Framework\App\FrontController\Interceptor->dispatch()
#56 /var/www/html/OnlyApproved/generated/code/Magento/Framework/App/Http/Interceptor.php(23): Magento\Framework\App\Http->launch()
#57 /var/www/html/OnlyApproved/vendor/magento/framework/App/Bootstrap.php(264): Magento\Framework\App\Http\Interceptor->launch()
#58 /var/www/html/OnlyApproved/index.php(30): Magento\Framework\App\Bootstrap->run()
#59 {main} {"exception":"[object] (InvalidArgumentException(code: 0): Required parameter 'theme_dir' was not passed at /var/www/html/OnlyApproved/vendor/magento/framework/View/Design/Fallback/Rule/Simple.php:59)"} []
[2024-01-08T13:20:17.774517+00:00] main.CRITICAL: InvalidArgumentException: Required parameter 'theme_dir' was not passed in /var/www/html/OnlyApproved/vendor/magento/framework/View/Design/Fallback/Rule/Simple.php:59
Stack trace:
#0 /var/www/html/OnlyApproved/vendor/magento/framework/View/Design/Fallback/Rule/Theme.php(78): Magento\Framework\View\Design\Fallback\Rule\Simple->getPatternDirs()
#1 /var/www/html/OnlyApproved/vendor/magento/framework/View/Design/Fallback/Rule/ModularSwitch.php(52): Magento\Framework\View\Design\Fallback\Rule\Theme->getPatternDirs()
#2 /var/www/html/OnlyApproved/vendor/magento/framework/View/Design/FileResolution/Fallback/Resolver/Simple.php(118): Magento\Framework\View\Design\Fallback\Rule\ModularSwitch->getPatternDirs()
#3 /var/www/html/OnlyApproved/vendor/magento/framework/View/Design/FileResolution/Fallback/Resolver/Simple.php(61): Magento\Framework\View\Design\FileResolution\Fallback\Resolver\Simple->resolveFile()
#4 /var/www/html/OnlyApproved/vendor/magento/framework/Config/FileResolver.php(140): Magento\Framework\View\Design\FileResolution\Fallback\Resolver\Simple->resolve()
#5 /var/www/html/OnlyApproved/vendor/magento/framework/Config/View.php(212): Magento\Framework\Config\FileResolver->getParents()
#6 /var/www/html/OnlyApproved/vendor/magento/framework/Config/View.php(198): Magento\Framework\Config\View->read()
#7 /var/www/html/OnlyApproved/vendor/magento/framework/Config/View.php(87): Magento\Framework\Config\View->initData()
#8 /var/www/html/OnlyApproved/vendor/magento/module-catalog/Model/Product/Image/ParamsBuilder.php(174): Magento\Framework\Config\View->getVarValue()
#9 /var/www/html/OnlyApproved/vendor/magento/module-catalog/Model/Product/Image/ParamsBuilder.php(98): Magento\Catalog\Model\Product\Image\ParamsBuilder->hasDefaultFrame()
#10 /var/www/html/OnlyApproved/vendor/magento/module-catalog/Model/Product/Image/ParamsBuilder.php(84): Magento\Catalog\Model\Product\Image\ParamsBuilder->overwriteDefaultValues()
#11 /var/www/html/OnlyApproved/vendor/magento/module-media-storage/Service/ImageResize.php(274): Magento\Catalog\Model\Product\Image\ParamsBuilder->build()
#12 /var/www/html/OnlyApproved/vendor/magento/module-media-storage/Service/ImageResize.php(165): Magento\MediaStorage\Service\ImageResize->getViewImages()
#13 /var/www/html/OnlyApproved/vendor/magento/module-catalog/Observer/ImageResizeAfterProductSave.php(116): Magento\MediaStorage\Service\ImageResize->resizeFromImageName()
#14 /var/www/html/OnlyApproved/vendor/magento/module-catalog/Observer/ImageResizeAfterProductSave.php(101): Magento\Catalog\Observer\ImageResizeAfterProductSave->resizeImage()
#15 /var/www/html/OnlyApproved/vendor/magento/framework/Event/Invoker/InvokerDefault.php(88): Magento\Catalog\Observer\ImageResizeAfterProductSave->execute()
#16 /var/www/html/OnlyApproved/vendor/magento/framework/Event/Invoker/InvokerDefault.php(74): Magento\Framework\Event\Invoker\InvokerDefault->_callObserverMethod()
#17 /var/www/html/OnlyApproved/vendor/magento/framework/Event/Manager.php(65): Magento\Framework\Event\Invoker\InvokerDefault->dispatch()
#18 /var/www/html/OnlyApproved/generated/code/Magento/Framework/Event/Manager/Proxy.php(95): Magento\Framework\Event\Manager->dispatch()
#19 /var/www/html/OnlyApproved/vendor/magento/framework/Model/AbstractModel.php(675): Magento\Framework\Event\Manager\Proxy->dispatch()
#20 /var/www/html/OnlyApproved/generated/code/Magento/Catalog/Model/Product/Interceptor.php(1715): Magento\Framework\Model\AbstractModel->afterCommitCallback()
#21 [internal function]: Magento\Catalog\Model\Product\Interceptor->afterCommitCallback()
#22 /var/www/html/OnlyApproved/vendor/magento/framework/Model/ExecuteCommitCallbacks.php(44): call_user_func()
#23 /var/www/html/OnlyApproved/vendor/magento/framework/Interception/Interceptor.php(146): Magento\Framework\Model\ExecuteCommitCallbacks->afterCommit()
#24 /var/www/html/OnlyApproved/vendor/magento/framework/Interception/Interceptor.php(153): Magento\Framework\DB\Adapter\Pdo\Mysql\Interceptor->Magento\Framework\Interception\{closure}()
#25 /var/www/html/OnlyApproved/generated/code/Magento/Framework/DB/Adapter/Pdo/Mysql/Interceptor.php(32): Magento\Framework\DB\Adapter\Pdo\Mysql\Interceptor->___callPlugins()
#26 /var/www/html/OnlyApproved/vendor/magento/framework/Model/ResourceModel/AbstractResource.php(90): Magento\Framework\DB\Adapter\Pdo\Mysql\Interceptor->commit()
#27 /var/www/html/OnlyApproved/generated/code/Magento/Catalog/Model/ResourceModel/Product/Interceptor.php(545): Magento\Framework\Model\ResourceModel\AbstractResource->commit()
#28 /var/www/html/OnlyApproved/vendor/magento/module-catalog-search/Model/Indexer/Fulltext/Plugin/Product.php(62): Magento\Catalog\Model\ResourceModel\Product\Interceptor->commit()
#29 /var/www/html/OnlyApproved/vendor/magento/module-catalog-search/Model/Indexer/Fulltext/Plugin/Product.php(28): Magento\CatalogSearch\Model\Indexer\Fulltext\Plugin\Product->addCommitCallback()
#30 /var/www/html/OnlyApproved/vendor/magento/framework/Interception/Interceptor.php(135): Magento\CatalogSearch\Model\Indexer\Fulltext\Plugin\Product->aroundSave()
#31 /var/www/html/OnlyApproved/vendor/magento/framework/Interception/Interceptor.php(153): Magento\Catalog\Model\ResourceModel\Product\Interceptor->Magento\Framework\Interception\{closure}()
#32 /var/www/html/OnlyApproved/generated/code/Magento/Catalog/Model/ResourceModel/Product/Interceptor.php(194): Magento\Catalog\Model\ResourceModel\Product\Interceptor->___callPlugins()
#33 /var/www/html/OnlyApproved/vendor/magento/framework/Model/AbstractModel.php(663): Magento\Catalog\Model\ResourceModel\Product\Interceptor->save()
#34 /var/www/html/OnlyApproved/generated/code/Magento/Catalog/Model/Product/Interceptor.php(1706): Magento\Framework\Model\AbstractModel->save()
#35 /var/www/html/OnlyApproved/vendor/magento/module-catalog/Controller/Adminhtml/Product/Save.php(143): Magento\Catalog\Model\Product\Interceptor->save()
#36 /var/www/html/OnlyApproved/vendor/magento/framework/Interception/Interceptor.php(58): Magento\Catalog\Controller\Adminhtml\Product\Save->execute()
#37 /var/www/html/OnlyApproved/vendor/magento/framework/Interception/Interceptor.php(138): Magento\Catalog\Controller\Adminhtml\Product\Save\Interceptor->___callParent()
#38 /var/www/html/OnlyApproved/vendor/magento/framework/Interception/Interceptor.php(153): Magento\Catalog\Controller\Adminhtml\Product\Save\Interceptor->Magento\Framework\Interception\{closure}()
#39 /var/www/html/OnlyApproved/generated/code/Magento/Catalog/Controller/Adminhtml/Product/Save/Interceptor.php(23): Magento\Catalog\Controller\Adminhtml\Product\Save\Interceptor->___callPlugins()
#40 /var/www/html/OnlyApproved/vendor/magento/framework/App/Action/Action.php(111): Magento\Catalog\Controller\Adminhtml\Product\Save\Interceptor->execute()
#41 /var/www/html/OnlyApproved/vendor/magento/module-backend/App/AbstractAction.php(151): Magento\Framework\App\Action\Action->dispatch()
#42 /var/www/html/OnlyApproved/vendor/magento/framework/Interception/Interceptor.php(58): Magento\Backend\App\AbstractAction->dispatch()
#43 /var/www/html/OnlyApproved/vendor/magento/framework/Interception/Interceptor.php(138): Magento\Catalog\Controller\Adminhtml\Product\Save\Interceptor->___callParent()
#44 /var/www/html/OnlyApproved/vendor/magento/module-backend/App/Action/Plugin/Authentication.php(145): Magento\Catalog\Controller\Adminhtml\Product\Save\Interceptor->Magento\Framework\Interception\{closure}()
#45 /var/www/html/OnlyApproved/vendor/magento/framework/Interception/Interceptor.php(135): Magento\Backend\App\Action\Plugin\Authentication->aroundDispatch()
#46 /var/www/html/OnlyApproved/vendor/magento/framework/Interception/Interceptor.php(153): Magento\Catalog\Controller\Adminhtml\Product\Save\Interceptor->Magento\Framework\Interception\{closure}()
#47 /var/www/html/OnlyApproved/generated/code/Magento/Catalog/Controller/Adminhtml/Product/Save/Interceptor.php(32): Magento\Catalog\Controller\Adminhtml\Product\Save\Interceptor->___callPlugins()
#48 /var/www/html/OnlyApproved/vendor/magento/framework/App/FrontController.php(245): Magento\Catalog\Controller\Adminhtml\Product\Save\Interceptor->dispatch()
#49 /var/www/html/OnlyApproved/vendor/magento/framework/App/FrontController.php(212): Magento\Framework\App\FrontController->getActionResponse()
#50 /var/www/html/OnlyApproved/vendor/magento/framework/App/FrontController.php(146): Magento\Framework\App\FrontController->processRequest()
#51 /var/www/html/OnlyApproved/vendor/magento/framework/Interception/Interceptor.php(58): Magento\Framework\App\FrontController->dispatch()
#52 /var/www/html/OnlyApproved/vendor/magento/framework/Interception/Interceptor.php(138): Magento\Framework\App\FrontController\Interceptor->___callParent()
#53 /var/www/html/OnlyApproved/vendor/magento/framework/Interception/Interceptor.php(153): Magento\Framework\App\FrontController\Interceptor->Magento\Framework\Interception\{closure}()
#54 /var/www/html/OnlyApproved/generated/code/Magento/Framework/App/FrontController/Interceptor.php(23): Magento\Framework\App\FrontController\Interceptor->___callPlugins()
#55 /var/www/html/OnlyApproved/vendor/magento/framework/App/Http.php(116): Magento\Framework\App\FrontController\Interceptor->dispatch()
#56 /var/www/html/OnlyApproved/generated/code/Magento/Framework/App/Http/Interceptor.php(23): Magento\Framework\App\Http->launch()
#57 /var/www/html/OnlyApproved/vendor/magento/framework/App/Bootstrap.php(264): Magento\Framework\App\Http\Interceptor->launch()
#58 /var/www/html/OnlyApproved/index.php(30): Magento\Framework\App\Bootstrap->run()
#59 {main} {"exception":"[object] (InvalidArgumentException(code: 0): Required parameter 'theme_dir' was not passed at /var/www/html/OnlyApproved/vendor/magento/framework/View/Design/Fallback/Rule/Simple.php:59)"} []
