[2024-01-16T13:46:05.562952+00:00] main.INFO: Broken reference: the 'catalog.compare.sidebar' element cannot be added as child to 'sidebar.additional', because the latter doesn't exist [] []
[2024-01-16T13:46:05.563347+00:00] main.INFO: Broken reference: the 'sale.reorder.sidebar' element cannot be added as child to 'sidebar.additional', because the latter doesn't exist [] []
[2024-01-16T13:46:05.563664+00:00] main.INFO: Broken reference: the 'wishlist_sidebar' element cannot be added as child to 'sidebar.additional', because the latter doesn't exist [] []
[2024-01-16T13:46:05.563955+00:00] main.INFO: Broken reference: the 'paypal.partner.right.logo' element cannot be added as child to 'sidebar.additional', because the latter doesn't exist [] []
[2024-01-16T13:46:05.564197+00:00] main.INFO: Broken reference: the 'bml.right.logo' element cannot be added as child to 'sidebar.additional', because the latter doesn't exist [] []
[2024-01-16T13:46:05.564432+00:00] main.INFO: Broken reference: the 'sidebar.container.paylater' element cannot be added as child to 'sidebar.additional', because the latter doesn't exist [] []
[2024-01-16T13:46:05.564741+00:00] main.INFO: Broken reference: the 'blue-logo-container' tries to reorder itself towards 'top.search', but their parents are different: 'nav-container' and 'header-wrapper' respectively. [] []
[2024-01-16T13:46:05.564992+00:00] main.INFO: Broken reference: the 'item-minicart-container' tries to reorder itself towards 'item-my-account', but their parents are different: 'user-container' and 'item-my-account-container' respectively. [] []
[2024-01-16T13:46:15.811437+00:00] main.INFO: Broken reference: the 'blue-logo-container' tries to reorder itself towards 'top.search', but their parents are different: 'nav-container' and 'header-wrapper' respectively. [] []
[2024-01-16T13:46:15.811805+00:00] main.INFO: Broken reference: the 'item-minicart-container' tries to reorder itself towards 'item-my-account', but their parents are different: 'user-container' and 'item-my-account-container' respectively. [] []
[2024-01-16T13:46:15.941962+00:00] main.ERROR: No alive nodes found in your cluster [] []
[2024-01-16T13:46:41.777548+00:00] main.ERROR: Unable to resolve the source file for 'frontend/Magento/onlyApproved/en_US/Magento_PageBuilder/js/resource/jarallax/jarallax.js.map' [] []
[2024-01-16T13:46:41.778107+00:00] main.CRITICAL: Unable to resolve the source file for 'frontend/Magento/onlyApproved/en_US/Magento_PageBuilder/js/resource/jarallax/jarallax.js.map' [] []
[2024-01-16T13:46:41.779262+00:00] main.ERROR: Unable to resolve the source file for 'frontend/Magento/onlyApproved/en_US/Magento_PageBuilder/js/resource/jarallax/jarallax-video.js.map' [] []
[2024-01-16T13:46:41.779663+00:00] main.CRITICAL: Unable to resolve the source file for 'frontend/Magento/onlyApproved/en_US/Magento_PageBuilder/js/resource/jarallax/jarallax-video.js.map' [] []
[2024-01-16T13:46:41.784197+00:00] main.ERROR: Unable to resolve the source file for 'frontend/Magento/onlyApproved/en_US/vimeo/player.js.map' [] []
[2024-01-16T13:46:41.784554+00:00] main.CRITICAL: Unable to resolve the source file for 'frontend/Magento/onlyApproved/en_US/vimeo/player.js.map' [] []
[2024-01-16T13:46:57.314451+00:00] main.INFO: Broken reference: the 'blue-logo-container' tries to reorder itself towards 'top.search', but their parents are different: 'nav-container' and 'header-wrapper' respectively. [] []
[2024-01-16T13:46:57.314869+00:00] main.INFO: Broken reference: the 'item-minicart-container' tries to reorder itself towards 'item-my-account', but their parents are different: 'user-container' and 'item-my-account-container' respectively. [] []
[2024-01-16T13:46:57.406813+00:00] main.ERROR: No alive nodes found in your cluster [] []
[2024-01-16T13:47:26.573009+00:00] main.INFO: Broken reference: the 'blue-logo-container' tries to reorder itself towards 'top.search', but their parents are different: 'nav-container' and 'header-wrapper' respectively. [] []
[2024-01-16T13:47:26.573434+00:00] main.INFO: Broken reference: the 'item-minicart-container' tries to reorder itself towards 'item-my-account', but their parents are different: 'user-container' and 'item-my-account-container' respectively. [] []
[2024-01-16T13:47:26.653213+00:00] main.ERROR: No alive nodes found in your cluster [] []
[2024-01-16T13:50:36.074759+00:00] main.INFO: Broken reference: the 'blue-logo-container' tries to reorder itself towards 'top.search', but their parents are different: 'nav-container' and 'header-wrapper' respectively. [] []
[2024-01-16T13:50:36.075231+00:00] main.INFO: Broken reference: the 'item-minicart-container' tries to reorder itself towards 'item-my-account', but their parents are different: 'user-container' and 'item-my-account-container' respectively. [] []
[2024-01-16T13:50:36.154927+00:00] main.ERROR: No alive nodes found in your cluster [] []
[2024-01-16T13:50:37.201215+00:00] main.INFO: Broken reference: the 'blue-logo-container' tries to reorder itself towards 'top.search', but their parents are different: 'nav-container' and 'header-wrapper' respectively. [] []
[2024-01-16T13:50:37.201577+00:00] main.INFO: Broken reference: the 'item-minicart-container' tries to reorder itself towards 'item-my-account', but their parents are different: 'user-container' and 'item-my-account-container' respectively. [] []
[2024-01-16T13:50:37.274205+00:00] main.ERROR: No alive nodes found in your cluster [] []
[2024-01-16T13:50:37.714867+00:00] main.INFO: Broken reference: the 'blue-logo-container' tries to reorder itself towards 'top.search', but their parents are different: 'nav-container' and 'header-wrapper' respectively. [] []
[2024-01-16T13:50:37.715249+00:00] main.INFO: Broken reference: the 'item-minicart-container' tries to reorder itself towards 'item-my-account', but their parents are different: 'user-container' and 'item-my-account-container' respectively. [] []
[2024-01-16T13:50:37.796952+00:00] main.ERROR: No alive nodes found in your cluster [] []
[2024-01-16T13:50:37.948870+00:00] main.INFO: Broken reference: the 'blue-logo-container' tries to reorder itself towards 'top.search', but their parents are different: 'nav-container' and 'header-wrapper' respectively. [] []
[2024-01-16T13:50:37.949283+00:00] main.INFO: Broken reference: the 'item-minicart-container' tries to reorder itself towards 'item-my-account', but their parents are different: 'user-container' and 'item-my-account-container' respectively. [] []
[2024-01-16T13:50:38.022028+00:00] main.ERROR: No alive nodes found in your cluster [] []
[2024-01-16T13:50:39.739404+00:00] main.INFO: Broken reference: the 'blue-logo-container' tries to reorder itself towards 'top.search', but their parents are different: 'nav-container' and 'header-wrapper' respectively. [] []
[2024-01-16T13:50:39.739935+00:00] main.INFO: Broken reference: the 'item-minicart-container' tries to reorder itself towards 'item-my-account', but their parents are different: 'user-container' and 'item-my-account-container' respectively. [] []
[2024-01-16T13:50:39.815936+00:00] main.ERROR: No alive nodes found in your cluster [] []
[2024-01-16T13:50:52.411870+00:00] main.INFO: Broken reference: the 'blue-logo-container' tries to reorder itself towards 'top.search', but their parents are different: 'nav-container' and 'header-wrapper' respectively. [] []
[2024-01-16T13:50:52.412238+00:00] main.INFO: Broken reference: the 'item-minicart-container' tries to reorder itself towards 'item-my-account', but their parents are different: 'user-container' and 'item-my-account-container' respectively. [] []
[2024-01-16T13:50:52.490528+00:00] main.ERROR: No alive nodes found in your cluster [] []
[2024-01-16T13:51:37.271819+00:00] main.INFO: Broken reference: the 'blue-logo-container' tries to reorder itself towards 'top.search', but their parents are different: 'nav-container' and 'header-wrapper' respectively. [] []
[2024-01-16T13:51:37.273469+00:00] main.INFO: Broken reference: the 'item-minicart-container' tries to reorder itself towards 'item-my-account', but their parents are different: 'user-container' and 'item-my-account-container' respectively. [] []
[2024-01-16T13:51:46.328639+00:00] main.INFO: Broken reference: the 'blue-logo-container' tries to reorder itself towards 'top.search', but their parents are different: 'nav-container' and 'header-wrapper' respectively. [] []
[2024-01-16T13:51:46.329136+00:00] main.INFO: Broken reference: the 'item-minicart-container' tries to reorder itself towards 'item-my-account', but their parents are different: 'user-container' and 'item-my-account-container' respectively. [] []
[2024-01-16T13:56:09.266313+00:00] main.ERROR: Unable to resolve the source file for 'frontend/Magento/onlyApproved/en_US/vimeo/player.js.map' [] []
[2024-01-16T13:56:09.266726+00:00] main.CRITICAL: Unable to resolve the source file for 'frontend/Magento/onlyApproved/en_US/vimeo/player.js.map' [] []
[2024-01-16T13:56:09.266903+00:00] main.ERROR: Unable to resolve the source file for 'frontend/Magento/onlyApproved/en_US/Magento_PageBuilder/js/resource/jarallax/jarallax.js.map' [] []
[2024-01-16T13:56:09.267246+00:00] main.CRITICAL: Unable to resolve the source file for 'frontend/Magento/onlyApproved/en_US/Magento_PageBuilder/js/resource/jarallax/jarallax.js.map' [] []
[2024-01-16T13:56:09.270636+00:00] main.ERROR: Unable to resolve the source file for 'frontend/Magento/onlyApproved/en_US/Magento_PageBuilder/js/resource/jarallax/jarallax-video.js.map' [] []
[2024-01-16T13:56:09.271058+00:00] main.CRITICAL: Unable to resolve the source file for 'frontend/Magento/onlyApproved/en_US/Magento_PageBuilder/js/resource/jarallax/jarallax-video.js.map' [] []
